2016-12-07 14:33:41 INFO  TextUI:318 -  #################################### Menu #################################### 

2016-12-07 14:33:41 INFO  TextUI:320 - Main Menu: 
(1) Quick Game 
(2) Two Monster fight 
(3) Four Monster fight 
(4) Exit
2016-12-07 14:33:48 INFO  TextUI:318 -  ###################### Player 1 please choose 2Monster: ###################### 

2016-12-07 14:33:48 INFO  TextUI:320 - Monsterlist:
No: 	Name 	Type 	Attack 	Defence 
1	Bisasam	Pflanze	45	49	
2	Glumand	Feuer	39	52	
3	Schiggy	Wasser	44	48	
4	Raupy	Pflanze	45	30	
5	Hornliu	Pflanze	40	35	
6	Taubsi	Normal	40	45	
7	Ratfatz	Normal	30	56	
8	Habitak	Normal	40	60	
9	Vulpix	Feuer	38	41	
10	Quapsel	Wasser	40	50	
11	Fukano	Feuer	55	70	
12	Seeper	Wasser	30	40	

2016-12-07 14:46:36 INFO  TextUI:318 -  #################################### Menu #################################### 

2016-12-07 14:46:36 INFO  TextUI:320 - Main Menu: 
(1) Quick Game 
(2) Two Monster fight 
(3) Four Monster fight 
(4) Exit
2016-12-07 14:46:41 INFO  TextUI:318 -  ###################### Player 1 please choose 2Monster: ###################### 

2016-12-07 14:46:41 INFO  TextUI:320 - Monsterlist:
No: 	Name 	Type 	Attack 	Defence 
1	Bisasam	Pflanze	45	49	
2	Glumand	Feuer	39	52	
3	Schiggy	Wasser	44	48	
4	Raupy	Pflanze	45	30	
5	Hornliu	Pflanze	40	35	
6	Taubsi	Normal	40	45	
7	Ratfatz	Normal	30	56	
8	Habitak	Normal	40	60	
9	Vulpix	Feuer	38	41	
10	Quapsel	Wasser	40	50	
11	Fukano	Feuer	55	70	
12	Seeper	Wasser	30	40	

2016-12-07 14:46:52 INFO  TextUI:318 -  ############################### Battle begins! ############################### 

2016-12-07 14:46:52 INFO  TextUI:320 - Battle: 
Player1 Monster: Habitak	Life: 40.0
Player2 Monster: Fukano	Life: 55.0
>>Player 1  is on Turn!<<Please choose: 
(1) Attack 	 (2) Change Monster 
(3) Item 	(4) Exit

2016-12-07 15:09:42 INFO  TextUI:318 -  #################################### Menu #################################### 

2016-12-07 15:09:43 INFO  TextUI:320 - Main Menu: 
(1) Quick Game 
(2) Two Monster fight 
(3) Four Monster fight 
(4) Exit
2016-12-07 15:12:55 INFO  TextUI:318 -  #################################### Menu #################################### 

2016-12-07 15:12:55 INFO  TextUI:320 - Main Menu: 
(1) Quick Game 
(2) Two Monster fight 
(3) Four Monster fight 
(4) Exit
2016-12-07 15:13:55 INFO  TextUI:318 -  #################################### Menu #################################### 

2016-12-07 15:13:55 INFO  TextUI:320 - Main Menu: 
(1) Quick Game 
(2) Two Monster fight 
(3) Four Monster fight 
(4) Exit
2016-12-07 15:14:02 INFO  TextUI:318 -  ###################### Player 1 please choose 2Monster: ###################### 

2016-12-07 15:14:02 INFO  TextUI:320 - Monsterlist:
No: 	Name 	Type 	Attack 	Defence 
1	Bisasam	Pflanze	45	49	
2	Glumand	Feuer	39	52	
3	Schiggy	Wasser	44	48	
4	Raupy	Pflanze	45	30	
5	Hornliu	Pflanze	40	35	
6	Taubsi	Normal	40	45	
7	Ratfatz	Normal	30	56	
8	Habitak	Normal	40	60	
9	Vulpix	Feuer	38	41	
10	Quapsel	Wasser	40	50	
11	Fukano	Feuer	55	70	
12	Seeper	Wasser	30	40	

2016-12-07 15:16:39 INFO  TextUI:318 -  #################################### Menu #################################### 

2016-12-07 15:16:39 INFO  TextUI:320 - Main Menu: 
(1) Quick Game 
(2) Two Monster fight 
(3) Four Monster fight 
(4) Exit
2016-12-07 15:44:40 INFO  TextUI:318 -  #################################### Menu #################################### 

2016-12-07 15:44:40 INFO  TextUI:320 - Main Menu: 
(1) Quick Game 
(2) Two Monster fight 
(3) Four Monster fight 
(4) Exit
2016-12-07 15:46:48 INFO  TextUI:318 -  #################################### Menu #################################### 

2016-12-07 15:46:48 INFO  TextUI:320 - Main Menu: 
(1) Quick Game 
(2) Two Monster fight 
(3) Four Monster fight 
(4) Exit
2016-12-07 15:46:54 INFO  TextUI:318 -  ###################### Player 1 please choose 4Monster: ###################### 

2016-12-07 15:46:54 INFO  TextUI:320 - Monsterlist:
No: 	Name 	Type 	Attack 	Defence 
1	Bisasam	Pflanze	45	49	
2	Glumand	Feuer	39	52	
3	Schiggy	Wasser	44	48	
4	Raupy	Pflanze	45	30	
5	Hornliu	Pflanze	40	35	
6	Taubsi	Normal	40	45	
7	Ratfatz	Normal	30	56	
8	Habitak	Normal	40	60	
9	Vulpix	Feuer	38	41	
10	Quapsel	Wasser	40	50	
11	Fukano	Feuer	55	70	
12	Seeper	Wasser	30	40	

2016-12-07 15:47:04 INFO  TextUI:318 -  ############################### Battle begins! ############################### 

2016-12-07 15:47:04 INFO  TextUI:320 - Battle: 
Player1 Monster: Habitak	Life: 40.0
Player2 Monster: Vulpix	Life: 38.0
>>Player 1  is on Turn!<<Please choose: 
(1) Attack 	 (2) Change Monster 
(3) Item 	(4) Exit

2016-12-07 15:51:50 INFO  TextUI:318 -  #################################### Menu #################################### 

2016-12-07 15:51:50 INFO  TextUI:320 - Main Menu: 
(1) Quick Game 
(2) Two Monster fight 
(3) Four Monster fight 
(4) Exit
2016-12-07 15:51:57 INFO  TextUI:318 -  ###################### Player 1 please choose 2Monster: ###################### 

2016-12-07 15:51:57 INFO  TextUI:320 - Monsterlist:
No: 	Name 	Type 	Attack 	Defence 
1	Bisasam	Pflanze	45	49	
2	Glumand	Feuer	39	52	
3	Schiggy	Wasser	44	48	
4	Raupy	Pflanze	45	30	
5	Hornliu	Pflanze	40	35	
6	Taubsi	Normal	40	45	
7	Ratfatz	Normal	30	56	
8	Habitak	Normal	40	60	
9	Vulpix	Feuer	38	41	
10	Quapsel	Wasser	40	50	
11	Fukano	Feuer	55	70	
12	Seeper	Wasser	30	40	

2016-12-07 15:52:36 INFO  TextUI:318 -  #################################### Menu #################################### 

2016-12-07 15:52:36 INFO  TextUI:320 - Main Menu: 
(1) Quick Game 
(2) Two Monster fight 
(3) Four Monster fight 
(4) Exit
2016-12-07 15:53:43 INFO  TextUI:318 -  ###################### Player 1 please choose 1Monster: ###################### 

2016-12-07 15:53:43 INFO  TextUI:320 - Main Menu: 
(1) Quick Game 
(2) Two Monster fight 
(3) Four Monster fight 
(4) Exit
2016-12-07 15:53:43 INFO  TextUI:318 -  ############################### Battle begins! ############################### 

2016-12-07 15:53:43 INFO  TextUI:320 - Battle: 
Player1 Monster: Glumand	Life: 39.0
Player2 Monster: Bisasam	Life: 45.0
>>Player 1  is on Turn!<<Please choose: 
(1) Attack 	 (2) Change Monster 
(3) Item 	(4) Exit

2016-12-07 15:55:16 INFO  TextUI:318 -  #################################### Menu #################################### 

2016-12-07 15:55:16 INFO  TextUI:320 - Main Menu: 
(1) Quick Game 
(2) Two Monster fight 
(3) Four Monster fight 
(4) Exit
2016-12-07 15:59:03 INFO  TextUI:318 -  #################################### Menu #################################### 

2016-12-07 15:59:03 INFO  TextUI:320 - Main Menu: 
(1) Quick Game 
(2) Two Monster fight 
(3) Four Monster fight 
(4) Exit
2016-12-07 16:00:53 INFO  TextUI:318 -  #################################### Menu #################################### 

2016-12-07 16:00:53 INFO  TextUI:320 - Main Menu: 
(1) Quick Game 
(2) Two Monster fight 
(3) Four Monster fight 
(4) Exit
2016-12-07 16:01:01 INFO  TextUI:318 -  ###################### Player 1 please choose 2Monster: ###################### 

2016-12-07 16:01:01 INFO  TextUI:320 - Monsterlist:
No: 	Name 	Type 	Attack 	Defence 
1	Bisasam	Pflanze	45	49	
2	Glumand	Feuer	39	52	
3	Schiggy	Wasser	44	48	
4	Raupy	Pflanze	45	30	
5	Hornliu	Pflanze	40	35	
6	Taubsi	Normal	40	45	
7	Ratfatz	Normal	30	56	
8	Habitak	Normal	40	60	
9	Vulpix	Feuer	38	41	
10	Quapsel	Wasser	40	50	
11	Fukano	Feuer	55	70	
12	Seeper	Wasser	30	40	

2016-12-07 16:01:06 INFO  TextUI:318 -  ############################### Battle begins! ############################### 

2016-12-07 16:01:06 INFO  TextUI:320 - Battle: 
Player1 Monster: Bisasam	Life: 45.0
Player2 Monster: Hornliu	Life: 40.0
>>Player 1  is on Turn!<<Please choose: 
(1) Attack 	 (2) Change Monster 
(3) Item 	(4) Exit

