New log file opened at Thu Jan 12 20:59:36 CET 2017 by 1172@DESKTOP-80HM3MF
Sending msg to client play-fork-run-0e133483-f3bb-4835-bb2a-84f5eb593559: DetachedLogEvent(LogMessage(debug,sbt server socket logs are in: D:\Documents\Studium\Webtech\Webtechnologie_WS2016\.sbtserver\connections\master.log))
Sending msg to client play-fork-run-0e133483-f3bb-4835-bb2a-84f5eb593559: DetachedLogEvent(LogMessage(debug,sbt client logs are in: D:\Documents\Studium\Webtech\Webtechnologie_WS2016\.sbtserver\connections\play-fork-run-0e133483-f3bb-4835-bb2a-84f5eb593559.log))
Sending msg to client play-fork-run-0e133483-f3bb-4835-bb2a-84f5eb593559: DetachedLogEvent(LogMessage(debug,sbt general server logs are in: D:\Documents\Studium\Webtech\Webtechnologie_WS2016\.sbtserver\master.log))
Reading next message from client.
Got request: DaemonRequest(true)
Reading next message from client.
Sending msg to client play-fork-run-0e133483-f3bb-4835-bb2a-84f5eb593559: (3,ReceivedResponse())
Got request: ListenToEvents()
Reading next message from client.
Sending msg to client play-fork-run-0e133483-f3bb-4835-bb2a-84f5eb593559: BackgroundJobStarted(10,BackgroundJobInfo(2,backgroundRun,AttributeKey[sbt.BackgroundJobHandle]("backgroundRun") in Scope(Build: file:/D:/Documents/Studium/Webtech/Webtechnologie_WS2016/, , Project: ProjectReference(file:/D:/Documents/Studium/Webtech/Webtechnologie_WS2016/,root), Config: compile)))
Sending msg to client play-fork-run-0e133483-f3bb-4835-bb2a-84f5eb593559: (4,ReceivedResponse())
Got request: KeyLookupRequest(root/playForkConfig)
Reading next message from client.
Sending msg to client play-fork-run-0e133483-f3bb-4835-bb2a-84f5eb593559: (5,KeyLookupResponse(root/playForkConfig,Vector(AttributeKey[play.forkrun.protocol.ForkConfig]("playForkConfig") in Scope(Build: file:/D:/Documents/Studium/Webtech/Webtechnologie_WS2016/, , Project: ProjectReference(file:/D:/Documents/Studium/Webtech/Webtechnologie_WS2016/,root)))))
Got request: ListenToValue(AttributeKey[play.forkrun.protocol.ForkConfig]("playForkConfig") in Scope(Build: file:/D:/Documents/Studium/Webtech/Webtechnologie_WS2016/, , Project: ProjectReference(file:/D:/Documents/Studium/Webtech/Webtechnologie_WS2016/,root)))
Reading next message from client.
Sending msg to client play-fork-run-0e133483-f3bb-4835-bb2a-84f5eb593559: (6,ReceivedResponse())
Got request: KeyExecutionRequest(AttributeKey[play.forkrun.protocol.ForkConfig]("playForkConfig") in Scope(Build: file:/D:/Documents/Studium/Webtech/Webtechnologie_WS2016/, , Project: ProjectReference(file:/D:/Documents/Studium/Webtech/Webtechnologie_WS2016/,root)))
Reading next message from client.
Sending msg to client play-fork-run-0e133483-f3bb-4835-bb2a-84f5eb593559: (7,ExecutionRequestReceived(11))
Sending msg to client play-fork-run-0e133483-f3bb-4835-bb2a-84f5eb593559: ExecutionWaiting(11,{file:/D:/Documents/Studium/Webtech/Webtechnologie_WS2016/}root/*:playForkConfig,ClientInfo(0e133483-f3bb-4835-bb2a-84f5eb593559,play-fork-run,Play Fork Run,1,Vector()))
Sending msg to client play-fork-run-0e133483-f3bb-4835-bb2a-84f5eb593559: ExecutionStarting(11)
Sending msg to client play-fork-run-0e133483-f3bb-4835-bb2a-84f5eb593559: DetachedLogEvent(LogMessage(debug,> {file:/D:/Documents/Studium/Webtech/Webtechnologie_WS2016/}root/*:playForkConfig))
Sending msg to client play-fork-run-0e133483-f3bb-4835-bb2a-84f5eb593559: DetachedLogEvent(LogMessage(debug,Evaluating tasks: *:playForkConfig))
Sending msg to client play-fork-run-0e133483-f3bb-4835-bb2a-84f5eb593559: DetachedLogEvent(LogMessage(debug,Running task... Cancel: sbt.server.ServerTaskCancellation@71814423, check cycles: false))
Sending msg to client play-fork-run-0e133483-f3bb-4835-bb2a-84f5eb593559: DetachedLogEvent(LogMessage(debug,cancel strategy start enabled=true lastCommand=Some(LastCommand(CommandExecutionWork(ExecutionId(11),{file:/D:/Documents/Studium/Webtech/Webtechnologie_WS2016/}root/*:playForkConfig,Set(LiveClient(play-fork-run 0e133483-f3bb-4835-bb2a-84f5eb593559)),sbt.server.WorkCancellationStatus$$anon$1@3e14e49a)))))
Sending msg to client play-fork-run-0e133483-f3bb-4835-bb2a-84f5eb593559: TaskStarted(11,996,None)
Sending msg to client play-fork-run-0e133483-f3bb-4835-bb2a-84f5eb593559: TaskStarted(11,999,None)
Sending msg to client play-fork-run-0e133483-f3bb-4835-bb2a-84f5eb593559: TaskStarted(11,1001,Some(AttributeKey[scala.collection.Seq[java.lang.String]]("javaOptions") in Scope(Global)))
Sending msg to client play-fork-run-0e133483-f3bb-4835-bb2a-84f5eb593559: TaskStarted(11,1002,None)
Sending msg to client play-fork-run-0e133483-f3bb-4835-bb2a-84f5eb593559: TaskStarted(11,1003,Some(AttributeKey[scala.Option[java.lang.String]]("mainClass") in Scope(Build: file:/D:/Documents/Studium/Webtech/Webtechnologie_WS2016/, , Project: ProjectReference(file:/D:/Documents/Studium/Webtech/Webtechnologie_WS2016/,root), Config: compile, Task: AttributeKey[void]("run"))))
Sending msg to client play-fork-run-0e133483-f3bb-4835-bb2a-84f5eb593559: TaskStarted(11,1006,None)
Sending msg to client play-fork-run-0e133483-f3bb-4835-bb2a-84f5eb593559: TaskStarted(11,1017,None)
Sending msg to client play-fork-run-0e133483-f3bb-4835-bb2a-84f5eb593559: TaskStarted(11,1022,None)
Sending msg to client play-fork-run-0e133483-f3bb-4835-bb2a-84f5eb593559: TaskStarted(11,1024,None)
Sending msg to client play-fork-run-0e133483-f3bb-4835-bb2a-84f5eb593559: TaskStarted(11,1025,None)
Sending msg to client play-fork-run-0e133483-f3bb-4835-bb2a-84f5eb593559: TaskStarted(11,1026,Some(AttributeKey[java.lang.String]("updateCacheName") in Scope(Build: file:/D:/Documents/Studium/Webtech/Webtechnologie_WS2016/, , Project: ProjectReference(file:/D:/Documents/Studium/Webtech/Webtechnologie_WS2016/,root))))
Sending msg to client play-fork-run-0e133483-f3bb-4835-bb2a-84f5eb593559: TaskStarted(11,1035,Some(AttributeKey[scala.collection.Seq[sbt.Resolver]]("externalResolvers") in Scope(Build: file:/D:/Documents/Studium/Webtech/Webtechnologie_WS2016/, , Project: ProjectReference(file:/D:/Documents/Studium/Webtech/Webtechnologie_WS2016/,root))))
Sending msg to client play-fork-run-0e133483-f3bb-4835-bb2a-84f5eb593559: TaskStarted(11,1036,Some(AttributeKey[scala.Option[scala.collection.Seq[sbt.Resolver]]]("bootResolvers") in Scope(Build: file:/D:/Documents/Studium/Webtech/Webtechnologie_WS2016/, , Project: ProjectReference(file:/D:/Documents/Studium/Webtech/Webtechnologie_WS2016/,root))))
Sending msg to client play-fork-run-0e133483-f3bb-4835-bb2a-84f5eb593559: TaskStarted(11,1040,Some(AttributeKey[scala.collection.Seq[sbt.Credentials]]("credentials") in Scope(Global)))
Sending msg to client play-fork-run-0e133483-f3bb-4835-bb2a-84f5eb593559: TaskStarted(11,1046,Some(AttributeKey[boolean]("skip") in Scope(Global)))
Sending msg to client play-fork-run-0e133483-f3bb-4835-bb2a-84f5eb593559: TaskStarted(11,1047,None)
Sending msg to client play-fork-run-0e133483-f3bb-4835-bb2a-84f5eb593559: TaskStarted(11,1050,Some(AttributeKey[scala.Tuple2[java.lang.String,java.io.File]]("playPrefixAndAssets") in Scope(Build: file:/D:/Documents/Studium/Webtech/Webtechnologie_WS2016/, , Project: ProjectReference(file:/D:/Documents/Studium/Webtech/Webtechnologie_WS2016/,root))))
Sending msg to client play-fork-run-0e133483-f3bb-4835-bb2a-84f5eb593559: TaskFinished(11,999,None,true,None)
Sending msg to client play-fork-run-0e133483-f3bb-4835-bb2a-84f5eb593559: TaskStarted(11,998,Some(AttributeKey[sbt.BuildStructure]("buildStructure") in Scope(Global)))
Sending msg to client play-fork-run-0e133483-f3bb-4835-bb2a-84f5eb593559: TaskStarted(11,1045,Some(AttributeKey[java.io.File]("dependencyCacheDirectory") in Scope(Build: file:/D:/Documents/Studium/Webtech/Webtechnologie_WS2016/, , Project: ProjectReference(file:/D:/Documents/Studium/Webtech/Webtechnologie_WS2016/,root))))
Sending msg to client play-fork-run-0e133483-f3bb-4835-bb2a-84f5eb593559: TaskFinished(11,1001,Some(AttributeKey[scala.collection.Seq[java.lang.String]]("javaOptions") in Scope(Global)),true,None)
Sending msg to client play-fork-run-0e133483-f3bb-4835-bb2a-84f5eb593559: TaskFinished(11,996,None,true,None)
Sending msg to client play-fork-run-0e133483-f3bb-4835-bb2a-84f5eb593559: TaskFinished(11,1002,None,true,None)
Sending msg to client play-fork-run-0e133483-f3bb-4835-bb2a-84f5eb593559: TaskStarted(11,1000,Some(AttributeKey[scala.collection.Seq[java.lang.String]]("javaOptions") in Scope(Build: file:/D:/Documents/Studium/Webtech/Webtechnologie_WS2016/, )))
Sending msg to client play-fork-run-0e133483-f3bb-4835-bb2a-84f5eb593559: TaskFinished(11,1003,Some(AttributeKey[scala.Option[java.lang.String]]("mainClass") in Scope(Build: file:/D:/Documents/Studium/Webtech/Webtechnologie_WS2016/, , Project: ProjectReference(file:/D:/Documents/Studium/Webtech/Webtechnologie_WS2016/,root), Config: compile, Task: AttributeKey[void]("run"))),true,None)
Sending msg to client play-fork-run-0e133483-f3bb-4835-bb2a-84f5eb593559: TaskFinished(11,1006,None,true,None)
Sending msg to client play-fork-run-0e133483-f3bb-4835-bb2a-84f5eb593559: TaskStarted(11,1005,None)
Sending msg to client play-fork-run-0e133483-f3bb-4835-bb2a-84f5eb593559: TaskStarted(11,1009,None)
Sending msg to client play-fork-run-0e133483-f3bb-4835-bb2a-84f5eb593559: TaskStarted(11,1012,None)
Sending msg to client play-fork-run-0e133483-f3bb-4835-bb2a-84f5eb593559: TaskStarted(11,1019,None)
Sending msg to client play-fork-run-0e133483-f3bb-4835-bb2a-84f5eb593559: TaskStarted(11,1029,None)
Sending msg to client play-fork-run-0e133483-f3bb-4835-bb2a-84f5eb593559: TaskStarted(11,1033,None)
Sending msg to client play-fork-run-0e133483-f3bb-4835-bb2a-84f5eb593559: TaskStarted(11,1039,None)
Sending msg to client play-fork-run-0e133483-f3bb-4835-bb2a-84f5eb593559: TaskStarted(11,1041,None)
Sending msg to client play-fork-run-0e133483-f3bb-4835-bb2a-84f5eb593559: TaskFinished(11,1022,None,true,None)
Sending msg to client play-fork-run-0e133483-f3bb-4835-bb2a-84f5eb593559: TaskFinished(11,1017,None,true,None)
Sending msg to client play-fork-run-0e133483-f3bb-4835-bb2a-84f5eb593559: TaskFinished(11,1024,None,true,None)
Sending msg to client play-fork-run-0e133483-f3bb-4835-bb2a-84f5eb593559: TaskFinished(11,1025,None,true,None)
Sending msg to client play-fork-run-0e133483-f3bb-4835-bb2a-84f5eb593559: TaskStarted(11,1023,Some(AttributeKey[scala.collection.Seq[sbt.UpdateReport]]("transitiveUpdate") in Scope(Build: file:/D:/Documents/Studium/Webtech/Webtechnologie_WS2016/, , Project: ProjectReference(file:/D:/Documents/Studium/Webtech/Webtechnologie_WS2016/,root))))
Sending msg to client play-fork-run-0e133483-f3bb-4835-bb2a-84f5eb593559: TaskFinished(11,1026,Some(AttributeKey[java.lang.String]("updateCacheName") in Scope(Build: file:/D:/Documents/Studium/Webtech/Webtechnologie_WS2016/, , Project: ProjectReference(file:/D:/Documents/Studium/Webtech/Webtechnologie_WS2016/,root))),true,None)
Sending msg to client play-fork-run-0e133483-f3bb-4835-bb2a-84f5eb593559: TaskFinished(11,1035,Some(AttributeKey[scala.collection.Seq[sbt.Resolver]]("externalResolvers") in Scope(Build: file:/D:/Documents/Studium/Webtech/Webtechnologie_WS2016/, , Project: ProjectReference(file:/D:/Documents/Studium/Webtech/Webtechnologie_WS2016/,root))),true,None)
Sending msg to client play-fork-run-0e133483-f3bb-4835-bb2a-84f5eb593559: TaskFinished(11,1036,Some(AttributeKey[scala.Option[scala.collection.Seq[sbt.Resolver]]]("bootResolvers") in Scope(Build: file:/D:/Documents/Studium/Webtech/Webtechnologie_WS2016/, , Project: ProjectReference(file:/D:/Documents/Studium/Webtech/Webtechnologie_WS2016/,root))),true,None)
Sending msg to client play-fork-run-0e133483-f3bb-4835-bb2a-84f5eb593559: TaskFinished(11,1040,Some(AttributeKey[scala.collection.Seq[sbt.Credentials]]("credentials") in Scope(Global)),true,None)
Sending msg to client play-fork-run-0e133483-f3bb-4835-bb2a-84f5eb593559: TaskFinished(11,1046,Some(AttributeKey[boolean]("skip") in Scope(Global)),true,None)
Sending msg to client play-fork-run-0e133483-f3bb-4835-bb2a-84f5eb593559: TaskFinished(11,1047,None,true,None)
Sending msg to client play-fork-run-0e133483-f3bb-4835-bb2a-84f5eb593559: TaskFinished(11,1050,Some(AttributeKey[scala.Tuple2[java.lang.String,java.io.File]]("playPrefixAndAssets") in Scope(Build: file:/D:/Documents/Studium/Webtech/Webtechnologie_WS2016/, , Project: ProjectReference(file:/D:/Documents/Studium/Webtech/Webtechnologie_WS2016/,root))),true,None)
Sending msg to client play-fork-run-0e133483-f3bb-4835-bb2a-84f5eb593559: TaskStarted(11,1049,Some(AttributeKey[scala.collection.Seq[scala.Tuple2[java.lang.String,java.io.File]]]("playAllAssets") in Scope(Build: file:/D:/Documents/Studium/Webtech/Webtechnologie_WS2016/, , Project: ProjectReference(file:/D:/Documents/Studium/Webtech/Webtechnologie_WS2016/,root))))
Sending msg to client play-fork-run-0e133483-f3bb-4835-bb2a-84f5eb593559: TaskFinished(11,998,Some(AttributeKey[sbt.BuildStructure]("buildStructure") in Scope(Global)),true,None)
Sending msg to client play-fork-run-0e133483-f3bb-4835-bb2a-84f5eb593559: TaskStarted(11,997,Some(AttributeKey[sbt.Settings[sbt.Scope]]("settingsData") in Scope(Global)))
Sending msg to client play-fork-run-0e133483-f3bb-4835-bb2a-84f5eb593559: TaskFinished(11,1045,Some(AttributeKey[java.io.File]("dependencyCacheDirectory") in Scope(Build: file:/D:/Documents/Studium/Webtech/Webtechnologie_WS2016/, , Project: ProjectReference(file:/D:/Documents/Studium/Webtech/Webtechnologie_WS2016/,root))),true,None)
Sending msg to client play-fork-run-0e133483-f3bb-4835-bb2a-84f5eb593559: TaskFinished(11,1005,None,true,None)
Sending msg to client play-fork-run-0e133483-f3bb-4835-bb2a-84f5eb593559: TaskFinished(11,1019,None,true,None)
Sending msg to client play-fork-run-0e133483-f3bb-4835-bb2a-84f5eb593559: TaskFinished(11,1029,None,true,None)
Sending msg to client play-fork-run-0e133483-f3bb-4835-bb2a-84f5eb593559: TaskStarted(11,1028,Some(AttributeKey[scala.collection.immutable.Map[sbt.ModuleID,sbt.SourcePosition]]("dependencyPositions") in Scope(Build: file:/D:/Documents/Studium/Webtech/Webtechnologie_WS2016/, , Project: ProjectReference(file:/D:/Documents/Studium/Webtech/Webtechnologie_WS2016/,root))))
Sending msg to client play-fork-run-0e133483-f3bb-4835-bb2a-84f5eb593559: TaskFinished(11,1012,None,true,None)
Sending msg to client play-fork-run-0e133483-f3bb-4835-bb2a-84f5eb593559: TaskFinished(11,1009,None,true,None)
Sending msg to client play-fork-run-0e133483-f3bb-4835-bb2a-84f5eb593559: TaskFinished(11,1033,None,true,None)
Sending msg to client play-fork-run-0e133483-f3bb-4835-bb2a-84f5eb593559: TaskFinished(11,1000,Some(AttributeKey[scala.collection.Seq[java.lang.String]]("javaOptions") in Scope(Build: file:/D:/Documents/Studium/Webtech/Webtechnologie_WS2016/, )),true,None)
Sending msg to client play-fork-run-0e133483-f3bb-4835-bb2a-84f5eb593559: TaskFinished(11,1039,None,true,None)
Sending msg to client play-fork-run-0e133483-f3bb-4835-bb2a-84f5eb593559: TaskFinished(11,1041,None,true,None)
Sending msg to client play-fork-run-0e133483-f3bb-4835-bb2a-84f5eb593559: TaskFinished(11,1023,Some(AttributeKey[scala.collection.Seq[sbt.UpdateReport]]("transitiveUpdate") in Scope(Build: file:/D:/Documents/Studium/Webtech/Webtechnologie_WS2016/, , Project: ProjectReference(file:/D:/Documents/Studium/Webtech/Webtechnologie_WS2016/,root))),true,None)
Sending msg to client play-fork-run-0e133483-f3bb-4835-bb2a-84f5eb593559: TaskFinished(11,1049,Some(AttributeKey[scala.collection.Seq[scala.Tuple2[java.lang.String,java.io.File]]]("playAllAssets") in Scope(Build: file:/D:/Documents/Studium/Webtech/Webtechnologie_WS2016/, , Project: ProjectReference(file:/D:/Documents/Studium/Webtech/Webtechnologie_WS2016/,root))),true,None)
Sending msg to client play-fork-run-0e133483-f3bb-4835-bb2a-84f5eb593559: TaskFinished(11,997,Some(AttributeKey[sbt.Settings[sbt.Scope]]("settingsData") in Scope(Global)),true,None)
Sending msg to client play-fork-run-0e133483-f3bb-4835-bb2a-84f5eb593559: TaskStarted(11,995,Some(AttributeKey[scala.collection.Seq[java.io.File]]("playMonitoredFiles") in Scope(Build: file:/D:/Documents/Studium/Webtech/Webtechnologie_WS2016/, , Project: ProjectReference(file:/D:/Documents/Studium/Webtech/Webtechnologie_WS2016/,root))))
Sending msg to client play-fork-run-0e133483-f3bb-4835-bb2a-84f5eb593559: TaskStarted(11,1010,None)
Sending msg to client play-fork-run-0e133483-f3bb-4835-bb2a-84f5eb593559: TaskStarted(11,1021,None)
Sending msg to client play-fork-run-0e133483-f3bb-4835-bb2a-84f5eb593559: TaskStarted(11,1038,Some(AttributeKey[scala.collection.immutable.Map[org.apache.ivy.core.module.id.ModuleRevisionId,org.apache.ivy.core.module.descriptor.ModuleDescriptor]]("projectDescriptors") in Scope(Build: file:/D:/Documents/Studium/Webtech/Webtechnologie_WS2016/, , Project: ProjectReference(file:/D:/Documents/Studium/Webtech/Webtechnologie_WS2016/,root))))
Sending msg to client play-fork-run-0e133483-f3bb-4835-bb2a-84f5eb593559: TaskStarted(11,1044,Some(AttributeKey[scala.collection.Seq[sbt.ModuleID]]("projectDependencies") in Scope(Build: file:/D:/Documents/Studium/Webtech/Webtechnologie_WS2016/, , Project: ProjectReference(file:/D:/Documents/Studium/Webtech/Webtechnologie_WS2016/,root))))
Sending msg to client play-fork-run-0e133483-f3bb-4835-bb2a-84f5eb593559: TaskStarted(11,1056,None)
Sending msg to client play-fork-run-0e133483-f3bb-4835-bb2a-84f5eb593559: TaskStarted(11,1058,None)
Sending msg to client play-fork-run-0e133483-f3bb-4835-bb2a-84f5eb593559: TaskStarted(11,1059,None)
Sending msg to client play-fork-run-0e133483-f3bb-4835-bb2a-84f5eb593559: TaskStarted(11,1061,None)
Sending msg to client play-fork-run-0e133483-f3bb-4835-bb2a-84f5eb593559: TaskStarted(11,1062,None)
Sending msg to client play-fork-run-0e133483-f3bb-4835-bb2a-84f5eb593559: TaskStarted(11,1063,None)
Sending msg to client play-fork-run-0e133483-f3bb-4835-bb2a-84f5eb593559: TaskStarted(11,1064,None)
Sending msg to client play-fork-run-0e133483-f3bb-4835-bb2a-84f5eb593559: TaskFinished(11,1044,Some(AttributeKey[scala.collection.Seq[sbt.ModuleID]]("projectDependencies") in Scope(Build: file:/D:/Documents/Studium/Webtech/Webtechnologie_WS2016/, , Project: ProjectReference(file:/D:/Documents/Studium/Webtech/Webtechnologie_WS2016/,root))),true,None)
Sending msg to client play-fork-run-0e133483-f3bb-4835-bb2a-84f5eb593559: TaskStarted(11,1043,Some(AttributeKey[scala.collection.Seq[sbt.ModuleID]]("allDependencies") in Scope(Build: file:/D:/Documents/Studium/Webtech/Webtechnologie_WS2016/, , Project: ProjectReference(file:/D:/Documents/Studium/Webtech/Webtechnologie_WS2016/,root))))
Sending msg to client play-fork-run-0e133483-f3bb-4835-bb2a-84f5eb593559: TaskFinished(11,1056,None,true,None)
Sending msg to client play-fork-run-0e133483-f3bb-4835-bb2a-84f5eb593559: TaskStarted(11,1055,None)
Sending msg to client play-fork-run-0e133483-f3bb-4835-bb2a-84f5eb593559: TaskStarted(11,1066,None)
Sending msg to client play-fork-run-0e133483-f3bb-4835-bb2a-84f5eb593559: TaskFinished(11,1059,None,true,None)
Sending msg to client play-fork-run-0e133483-f3bb-4835-bb2a-84f5eb593559: TaskFinished(11,1063,None,true,None)
Sending msg to client play-fork-run-0e133483-f3bb-4835-bb2a-84f5eb593559: TaskFinished(11,1021,None,true,None)
Sending msg to client play-fork-run-0e133483-f3bb-4835-bb2a-84f5eb593559: TaskFinished(11,1058,None,true,None)
Sending msg to client play-fork-run-0e133483-f3bb-4835-bb2a-84f5eb593559: TaskStarted(11,1057,Some(AttributeKey[scala.collection.Seq[sbt.Attributed[java.io.File]]]("unmanagedJars") in Scope(Build: file:/D:/Documents/Studium/Webtech/Webtechnologie_WS2016/, , Project: ProjectReference(file:/D:/Documents/Studium/Webtech/Webtechnologie_WS2016/,root), Config: compile)))
Sending msg to client play-fork-run-0e133483-f3bb-4835-bb2a-84f5eb593559: TaskFinished(11,1061,None,true,None)
Sending msg to client play-fork-run-0e133483-f3bb-4835-bb2a-84f5eb593559: TaskFinished(11,1062,None,true,None)
Sending msg to client play-fork-run-0e133483-f3bb-4835-bb2a-84f5eb593559: TaskStarted(11,1060,Some(AttributeKey[scala.collection.Seq[sbt.Attributed[java.io.File]]]("unmanagedJars") in Scope(Build: file:/D:/Documents/Studium/Webtech/Webtechnologie_WS2016/, , Project: ProjectReference(file:/D:/Documents/Studium/Webtech/Webtechnologie_WS2016/,root), Config: runtime)))
Sending msg to client play-fork-run-0e133483-f3bb-4835-bb2a-84f5eb593559: TaskStarted(11,1067,None)
Sending msg to client play-fork-run-0e133483-f3bb-4835-bb2a-84f5eb593559: TaskFinished(11,1066,None,true,None)
Sending msg to client play-fork-run-0e133483-f3bb-4835-bb2a-84f5eb593559: TaskStarted(11,1065,None)
Sending msg to client play-fork-run-0e133483-f3bb-4835-bb2a-84f5eb593559: TaskFinished(11,1043,Some(AttributeKey[scala.collection.Seq[sbt.ModuleID]]("allDependencies") in Scope(Build: file:/D:/Documents/Studium/Webtech/Webtechnologie_WS2016/, , Project: ProjectReference(file:/D:/Documents/Studium/Webtech/Webtechnologie_WS2016/,root))),true,None)
Sending msg to client play-fork-run-0e133483-f3bb-4835-bb2a-84f5eb593559: TaskStarted(11,1042,Some(AttributeKey[sbt.ModuleSettings]("moduleSettings") in Scope(Build: file:/D:/Documents/Studium/Webtech/Webtechnologie_WS2016/, , Project: ProjectReference(file:/D:/Documents/Studium/Webtech/Webtechnologie_WS2016/,root))))
Sending msg to client play-fork-run-0e133483-f3bb-4835-bb2a-84f5eb593559: TaskFinished(11,1028,Some(AttributeKey[scala.collection.immutable.Map[sbt.ModuleID,sbt.SourcePosition]]("dependencyPositions") in Scope(Build: file:/D:/Documents/Studium/Webtech/Webtechnologie_WS2016/, , Project: ProjectReference(file:/D:/Documents/Studium/Webtech/Webtechnologie_WS2016/,root))),true,None)
Sending msg to client play-fork-run-0e133483-f3bb-4835-bb2a-84f5eb593559: TaskStarted(11,1027,Some(AttributeKey[sbt.UnresolvedWarningConfiguration]("unresolvedWarningConfiguration") in Scope(Build: file:/D:/Documents/Studium/Webtech/Webtechnologie_WS2016/, , Project: ProjectReference(file:/D:/Documents/Studium/Webtech/Webtechnologie_WS2016/,root), Task: AttributeKey[sbt.UpdateReport]("update"))))
Sending msg to client play-fork-run-0e133483-f3bb-4835-bb2a-84f5eb593559: TaskFinished(11,1064,None,true,None)
Sending msg to client play-fork-run-0e133483-f3bb-4835-bb2a-84f5eb593559: TaskFinished(11,995,Some(AttributeKey[scala.collection.Seq[java.io.File]]("playMonitoredFiles") in Scope(Build: file:/D:/Documents/Studium/Webtech/Webtechnologie_WS2016/, , Project: ProjectReference(file:/D:/Documents/Studium/Webtech/Webtechnologie_WS2016/,root))),true,None)
Sending msg to client play-fork-run-0e133483-f3bb-4835-bb2a-84f5eb593559: TaskFinished(11,1057,Some(AttributeKey[scala.collection.Seq[sbt.Attributed[java.io.File]]]("unmanagedJars") in Scope(Build: file:/D:/Documents/Studium/Webtech/Webtechnologie_WS2016/, , Project: ProjectReference(file:/D:/Documents/Studium/Webtech/Webtechnologie_WS2016/,root), Config: compile)),true,None)
Sending msg to client play-fork-run-0e133483-f3bb-4835-bb2a-84f5eb593559: TaskFinished(11,1067,None,true,None)
Sending msg to client play-fork-run-0e133483-f3bb-4835-bb2a-84f5eb593559: TaskFinished(11,1055,None,true,None)
Sending msg to client play-fork-run-0e133483-f3bb-4835-bb2a-84f5eb593559: TaskStarted(11,1054,Some(AttributeKey[scala.collection.Seq[sbt.Attributed[java.io.File]]]("unmanagedJars") in Scope(Build: file:/D:/Documents/Studium/Webtech/Webtechnologie_WS2016/, , Project: ProjectReference(file:/D:/Documents/Studium/Webtech/Webtechnologie_WS2016/,root), Config: compile)))
Sending msg to client play-fork-run-0e133483-f3bb-4835-bb2a-84f5eb593559: TaskFinished(11,1065,None,true,None)
Sending msg to client play-fork-run-0e133483-f3bb-4835-bb2a-84f5eb593559: TaskFinished(11,1038,Some(AttributeKey[scala.collection.immutable.Map[org.apache.ivy.core.module.id.ModuleRevisionId,org.apache.ivy.core.module.descriptor.ModuleDescriptor]]("projectDescriptors") in Scope(Build: file:/D:/Documents/Studium/Webtech/Webtechnologie_WS2016/, , Project: ProjectReference(file:/D:/Documents/Studium/Webtech/Webtechnologie_WS2016/,root))),true,None)
Sending msg to client play-fork-run-0e133483-f3bb-4835-bb2a-84f5eb593559: TaskStarted(11,1037,Some(AttributeKey[sbt.Resolver]("projectResolver") in Scope(Build: file:/D:/Documents/Studium/Webtech/Webtechnologie_WS2016/, , Project: ProjectReference(file:/D:/Documents/Studium/Webtech/Webtechnologie_WS2016/,root))))
Sending msg to client play-fork-run-0e133483-f3bb-4835-bb2a-84f5eb593559: TaskFinished(11,1042,Some(AttributeKey[sbt.ModuleSettings]("moduleSettings") in Scope(Build: file:/D:/Documents/Studium/Webtech/Webtechnologie_WS2016/, , Project: ProjectReference(file:/D:/Documents/Studium/Webtech/Webtechnologie_WS2016/,root))),true,None)
Sending msg to client play-fork-run-0e133483-f3bb-4835-bb2a-84f5eb593559: TaskFinished(11,1060,Some(AttributeKey[scala.collection.Seq[sbt.Attributed[java.io.File]]]("unmanagedJars") in Scope(Build: file:/D:/Documents/Studium/Webtech/Webtechnologie_WS2016/, , Project: ProjectReference(file:/D:/Documents/Studium/Webtech/Webtechnologie_WS2016/,root), Config: runtime)),true,None)
Sending msg to client play-fork-run-0e133483-f3bb-4835-bb2a-84f5eb593559: TaskFinished(11,1027,Some(AttributeKey[sbt.UnresolvedWarningConfiguration]("unresolvedWarningConfiguration") in Scope(Build: file:/D:/Documents/Studium/Webtech/Webtechnologie_WS2016/, , Project: ProjectReference(file:/D:/Documents/Studium/Webtech/Webtechnologie_WS2016/,root), Task: AttributeKey[sbt.UpdateReport]("update"))),true,None)
Sending msg to client play-fork-run-0e133483-f3bb-4835-bb2a-84f5eb593559: TaskFinished(11,1054,Some(AttributeKey[scala.collection.Seq[sbt.Attributed[java.io.File]]]("unmanagedJars") in Scope(Build: file:/D:/Documents/Studium/Webtech/Webtechnologie_WS2016/, , Project: ProjectReference(file:/D:/Documents/Studium/Webtech/Webtechnologie_WS2016/,root), Config: compile)),true,None)
Sending msg to client play-fork-run-0e133483-f3bb-4835-bb2a-84f5eb593559: TaskStarted(11,1053,None)
Sending msg to client play-fork-run-0e133483-f3bb-4835-bb2a-84f5eb593559: TaskFinished(11,1037,Some(AttributeKey[sbt.Resolver]("projectResolver") in Scope(Build: file:/D:/Documents/Studium/Webtech/Webtechnologie_WS2016/, , Project: ProjectReference(file:/D:/Documents/Studium/Webtech/Webtechnologie_WS2016/,root))),true,None)
Sending msg to client play-fork-run-0e133483-f3bb-4835-bb2a-84f5eb593559: TaskStarted(11,1034,Some(AttributeKey[scala.collection.Seq[sbt.Resolver]]("fullResolvers") in Scope(Build: file:/D:/Documents/Studium/Webtech/Webtechnologie_WS2016/, , Project: ProjectReference(file:/D:/Documents/Studium/Webtech/Webtechnologie_WS2016/,root))))
Sending msg to client play-fork-run-0e133483-f3bb-4835-bb2a-84f5eb593559: TaskFinished(11,1053,None,true,None)
Sending msg to client play-fork-run-0e133483-f3bb-4835-bb2a-84f5eb593559: TaskStarted(11,1052,None)
Sending msg to client play-fork-run-0e133483-f3bb-4835-bb2a-84f5eb593559: TaskFinished(11,1034,Some(AttributeKey[scala.collection.Seq[sbt.Resolver]]("fullResolvers") in Scope(Build: file:/D:/Documents/Studium/Webtech/Webtechnologie_WS2016/, , Project: ProjectReference(file:/D:/Documents/Studium/Webtech/Webtechnologie_WS2016/,root))),true,None)
Sending msg to client play-fork-run-0e133483-f3bb-4835-bb2a-84f5eb593559: TaskStarted(11,1032,Some(AttributeKey[sbt.IvyConfiguration]("ivyConfiguration") in Scope(Build: file:/D:/Documents/Studium/Webtech/Webtechnologie_WS2016/, , Project: ProjectReference(file:/D:/Documents/Studium/Webtech/Webtechnologie_WS2016/,root))))
Sending msg to client play-fork-run-0e133483-f3bb-4835-bb2a-84f5eb593559: TaskFinished(11,1052,None,true,None)
Sending msg to client play-fork-run-0e133483-f3bb-4835-bb2a-84f5eb593559: TaskFinished(11,1010,None,true,None)
Sending msg to client play-fork-run-0e133483-f3bb-4835-bb2a-84f5eb593559: TaskStarted(11,1008,Some(AttributeKey[scala.collection.Seq[sbt.Attributed[java.io.File]]]("unmanagedClasspath") in Scope(Build: file:/D:/Documents/Studium/Webtech/Webtechnologie_WS2016/, , Project: ProjectReference(file:/D:/Documents/Studium/Webtech/Webtechnologie_WS2016/,root), Config: runtime)))
Sending msg to client play-fork-run-0e133483-f3bb-4835-bb2a-84f5eb593559: TaskFinished(11,1032,Some(AttributeKey[sbt.IvyConfiguration]("ivyConfiguration") in Scope(Build: file:/D:/Documents/Studium/Webtech/Webtechnologie_WS2016/, , Project: ProjectReference(file:/D:/Documents/Studium/Webtech/Webtechnologie_WS2016/,root))),true,None)
Sending msg to client play-fork-run-0e133483-f3bb-4835-bb2a-84f5eb593559: TaskStarted(11,1031,Some(AttributeKey[sbt.IvySbt]("ivySbt") in Scope(Build: file:/D:/Documents/Studium/Webtech/Webtechnologie_WS2016/, , Project: ProjectReference(file:/D:/Documents/Studium/Webtech/Webtechnologie_WS2016/,root))))
Sending msg to client play-fork-run-0e133483-f3bb-4835-bb2a-84f5eb593559: TaskFinished(11,1008,Some(AttributeKey[scala.collection.Seq[sbt.Attributed[java.io.File]]]("unmanagedClasspath") in Scope(Build: file:/D:/Documents/Studium/Webtech/Webtechnologie_WS2016/, , Project: ProjectReference(file:/D:/Documents/Studium/Webtech/Webtechnologie_WS2016/,root), Config: runtime)),true,None)
Sending msg to client play-fork-run-0e133483-f3bb-4835-bb2a-84f5eb593559: TaskFinished(11,1031,Some(AttributeKey[sbt.IvySbt]("ivySbt") in Scope(Build: file:/D:/Documents/Studium/Webtech/Webtechnologie_WS2016/, , Project: ProjectReference(file:/D:/Documents/Studium/Webtech/Webtechnologie_WS2016/,root))),true,None)
Sending msg to client play-fork-run-0e133483-f3bb-4835-bb2a-84f5eb593559: TaskStarted(11,1030,Some(AttributeKey[sbt.IvySbt$Module]("ivyModule") in Scope(Build: file:/D:/Documents/Studium/Webtech/Webtechnologie_WS2016/, , Project: ProjectReference(file:/D:/Documents/Studium/Webtech/Webtechnologie_WS2016/,root))))
Sending msg to client play-fork-run-0e133483-f3bb-4835-bb2a-84f5eb593559: TaskFinished(11,1030,Some(AttributeKey[sbt.IvySbt$Module]("ivyModule") in Scope(Build: file:/D:/Documents/Studium/Webtech/Webtechnologie_WS2016/, , Project: ProjectReference(file:/D:/Documents/Studium/Webtech/Webtechnologie_WS2016/,root))),true,None)
Sending msg to client play-fork-run-0e133483-f3bb-4835-bb2a-84f5eb593559: TaskStarted(11,1020,Some(AttributeKey[sbt.UpdateReport]("update") in Scope(Build: file:/D:/Documents/Studium/Webtech/Webtechnologie_WS2016/, , Project: ProjectReference(file:/D:/Documents/Studium/Webtech/Webtechnologie_WS2016/,root))))
Sending msg to client play-fork-run-0e133483-f3bb-4835-bb2a-84f5eb593559: TaskFinished(11,1020,Some(AttributeKey[sbt.UpdateReport]("update") in Scope(Build: file:/D:/Documents/Studium/Webtech/Webtechnologie_WS2016/, , Project: ProjectReference(file:/D:/Documents/Studium/Webtech/Webtechnologie_WS2016/,root))),true,None)
Sending msg to client play-fork-run-0e133483-f3bb-4835-bb2a-84f5eb593559: TaskStarted(11,1018,Some(AttributeKey[sbt.UpdateReport]("update") in Scope(Build: file:/D:/Documents/Studium/Webtech/Webtechnologie_WS2016/, , Project: ProjectReference(file:/D:/Documents/Studium/Webtech/Webtechnologie_WS2016/,root))))
Sending msg to client play-fork-run-0e133483-f3bb-4835-bb2a-84f5eb593559: TaskFinished(11,1018,Some(AttributeKey[sbt.UpdateReport]("update") in Scope(Build: file:/D:/Documents/Studium/Webtech/Webtechnologie_WS2016/, , Project: ProjectReference(file:/D:/Documents/Studium/Webtech/Webtechnologie_WS2016/,root))),true,None)
Sending msg to client play-fork-run-0e133483-f3bb-4835-bb2a-84f5eb593559: TaskStarted(11,1016,Some(AttributeKey[sbt.Configuration]("classpathConfiguration") in Scope(Build: file:/D:/Documents/Studium/Webtech/Webtechnologie_WS2016/, , Project: ProjectReference(file:/D:/Documents/Studium/Webtech/Webtechnologie_WS2016/,root), Config: compile)))
Sending msg to client play-fork-run-0e133483-f3bb-4835-bb2a-84f5eb593559: TaskStarted(11,1048,Some(AttributeKey[scala.collection.Seq[sbt.Attributed[java.io.File]]]("managedClasspath") in Scope(Build: file:/D:/Documents/Studium/Webtech/Webtechnologie_WS2016/, , Project: ProjectReference(file:/D:/Documents/Studium/Webtech/Webtechnologie_WS2016/,root), Config: docs)))
Sending msg to client play-fork-run-0e133483-f3bb-4835-bb2a-84f5eb593559: TaskFinished(11,1016,Some(AttributeKey[sbt.Configuration]("classpathConfiguration") in Scope(Build: file:/D:/Documents/Studium/Webtech/Webtechnologie_WS2016/, , Project: ProjectReference(file:/D:/Documents/Studium/Webtech/Webtechnologie_WS2016/,root), Config: compile)),true,None)
Sending msg to client play-fork-run-0e133483-f3bb-4835-bb2a-84f5eb593559: TaskStarted(11,1015,None)
Sending msg to client play-fork-run-0e133483-f3bb-4835-bb2a-84f5eb593559: TaskFinished(11,1015,None,true,None)
Sending msg to client play-fork-run-0e133483-f3bb-4835-bb2a-84f5eb593559: TaskStarted(11,1014,Some(AttributeKey[sbt.Configuration]("classpathConfiguration") in Scope(Build: file:/D:/Documents/Studium/Webtech/Webtechnologie_WS2016/, , Project: ProjectReference(file:/D:/Documents/Studium/Webtech/Webtechnologie_WS2016/,root), Config: runtime)))
Sending msg to client play-fork-run-0e133483-f3bb-4835-bb2a-84f5eb593559: TaskFinished(11,1048,Some(AttributeKey[scala.collection.Seq[sbt.Attributed[java.io.File]]]("managedClasspath") in Scope(Build: file:/D:/Documents/Studium/Webtech/Webtechnologie_WS2016/, , Project: ProjectReference(file:/D:/Documents/Studium/Webtech/Webtechnologie_WS2016/,root), Config: docs)),true,None)
Sending msg to client play-fork-run-0e133483-f3bb-4835-bb2a-84f5eb593559: TaskStarted(11,1051,Some(AttributeKey[scala.Option[java.io.File]]("playDocsJar") in Scope(Build: file:/D:/Documents/Studium/Webtech/Webtechnologie_WS2016/, , Project: ProjectReference(file:/D:/Documents/Studium/Webtech/Webtechnologie_WS2016/,root))))
Sending msg to client play-fork-run-0e133483-f3bb-4835-bb2a-84f5eb593559: TaskFinished(11,1014,Some(AttributeKey[sbt.Configuration]("classpathConfiguration") in Scope(Build: file:/D:/Documents/Studium/Webtech/Webtechnologie_WS2016/, , Project: ProjectReference(file:/D:/Documents/Studium/Webtech/Webtechnologie_WS2016/,root), Config: runtime)),true,None)
Sending msg to client play-fork-run-0e133483-f3bb-4835-bb2a-84f5eb593559: TaskStarted(11,1013,None)
Sending msg to client play-fork-run-0e133483-f3bb-4835-bb2a-84f5eb593559: TaskFinished(11,1051,Some(AttributeKey[scala.Option[java.io.File]]("playDocsJar") in Scope(Build: file:/D:/Documents/Studium/Webtech/Webtechnologie_WS2016/, , Project: ProjectReference(file:/D:/Documents/Studium/Webtech/Webtechnologie_WS2016/,root))),true,None)
Sending msg to client play-fork-run-0e133483-f3bb-4835-bb2a-84f5eb593559: TaskFinished(11,1013,None,true,None)
Sending msg to client play-fork-run-0e133483-f3bb-4835-bb2a-84f5eb593559: TaskStarted(11,1011,Some(AttributeKey[scala.collection.Seq[sbt.Attributed[java.io.File]]]("managedClasspath") in Scope(Build: file:/D:/Documents/Studium/Webtech/Webtechnologie_WS2016/, , Project: ProjectReference(file:/D:/Documents/Studium/Webtech/Webtechnologie_WS2016/,root), Config: runtime)))
Sending msg to client play-fork-run-0e133483-f3bb-4835-bb2a-84f5eb593559: TaskFinished(11,1011,Some(AttributeKey[scala.collection.Seq[sbt.Attributed[java.io.File]]]("managedClasspath") in Scope(Build: file:/D:/Documents/Studium/Webtech/Webtechnologie_WS2016/, , Project: ProjectReference(file:/D:/Documents/Studium/Webtech/Webtechnologie_WS2016/,root), Config: runtime)),true,None)
Sending msg to client play-fork-run-0e133483-f3bb-4835-bb2a-84f5eb593559: TaskStarted(11,1007,None)
Sending msg to client play-fork-run-0e133483-f3bb-4835-bb2a-84f5eb593559: TaskFinished(11,1007,None,true,None)
Sending msg to client play-fork-run-0e133483-f3bb-4835-bb2a-84f5eb593559: TaskStarted(11,1004,Some(AttributeKey[scala.collection.Seq[sbt.Attributed[java.io.File]]]("playDependencyClasspath") in Scope(Build: file:/D:/Documents/Studium/Webtech/Webtechnologie_WS2016/, , Project: ProjectReference(file:/D:/Documents/Studium/Webtech/Webtechnologie_WS2016/,root))))
Sending msg to client play-fork-run-0e133483-f3bb-4835-bb2a-84f5eb593559: TaskFinished(11,1004,Some(AttributeKey[scala.collection.Seq[sbt.Attributed[java.io.File]]]("playDependencyClasspath") in Scope(Build: file:/D:/Documents/Studium/Webtech/Webtechnologie_WS2016/, , Project: ProjectReference(file:/D:/Documents/Studium/Webtech/Webtechnologie_WS2016/,root))),true,None)
Sending msg to client play-fork-run-0e133483-f3bb-4835-bb2a-84f5eb593559: TaskStarted(11,994,Some(AttributeKey[play.forkrun.protocol.ForkConfig]("playForkConfig") in Scope(Build: file:/D:/Documents/Studium/Webtech/Webtechnologie_WS2016/, , Project: ProjectReference(file:/D:/Documents/Studium/Webtech/Webtechnologie_WS2016/,root))))
Sending msg to client play-fork-run-0e133483-f3bb-4835-bb2a-84f5eb593559: TaskFinished(11,994,Some(AttributeKey[play.forkrun.protocol.ForkConfig]("playForkConfig") in Scope(Build: file:/D:/Documents/Studium/Webtech/Webtechnologie_WS2016/, , Project: ProjectReference(file:/D:/Documents/Studium/Webtech/Webtechnologie_WS2016/,root))),true,None)
Sending msg to client play-fork-run-0e133483-f3bb-4835-bb2a-84f5eb593559: ValueChanged(AttributeKey[play.forkrun.protocol.ForkConfig]("playForkConfig") in Scope(Build: file:/D:/Documents/Studium/Webtech/Webtechnologie_WS2016/, , Project: ProjectReference(file:/D:/Documents/Studium/Webtech/Webtechnologie_WS2016/,root)),TaskSuccess(BuildValue(LazyValue(ForkConfig(D:\Documents\Studium\Webtech\Webtechnologie_WS2016,List(-Djna.nosys=true),List(D:\Documents\Studium\Webtech\Webtechnologie_WS2016\lib\aopalliance.jar, D:\Documents\Studium\Webtech\Webtechnologie_WS2016\lib\guice-3.0.jar, D:\Documents\Studium\Webtech\Webtechnologie_WS2016\lib\guice-assistedinject-3.0.jar, D:\Documents\Studium\Webtech\Webtechnologie_WS2016\lib\javax.inject.jar, D:\Documents\Studium\Webtech\Webtechnologie_WS2016\lib\javax.json-1.0.4.jar, D:\Documents\Studium\Webtech\Webtechnologie_WS2016\lib\log4j-1.2.17.jar, C:\Users\bened\.ivy2\cache\org.scala-lang\scala-library\jars\scala-library-2.11.7.jar, C:\Users\bened\.ivy2\cache\com.typesafe.play\twirl-api_2.11\jars\twirl-api_2.11-1.1.1.jar, C:\Users\bened\.ivy2\cache\org.apache.commons\commons-lang3\jars\commons-lang3-3.4.jar, C:\Users\bened\.ivy2\cache\org.scala-lang.modules\scala-xml_2.11\bundles\scala-xml_2.11-1.0.1.jar, C:\Users\bened\.ivy2\cache\com.typesafe.play\play-enhancer\jars\play-enhancer-1.1.0.jar, C:\Users\bened\.ivy2\cache\com.typesafe.play\play-server_2.11\jars\play-server_2.11-2.5.9.jar, C:\Users\bened\.ivy2\cache\com.typesafe.play\play_2.11\jars\play_2.11-2.5.9.jar, C:\Users\bened\.ivy2\cache\com.typesafe.play\build-link\jars\build-link-2.5.9.jar, C:\Users\bened\.ivy2\cache\com.typesafe.play\play-exceptions\jars\play-exceptions-2.5.9.jar, C:\Users\bened\.ivy2\cache\com.typesafe.play\play-iteratees_2.11\jars\play-iteratees_2.11-2.5.9.jar, C:\Users\bened\.ivy2\cache\org.scala-stm\scala-stm_2.11\jars\scala-stm_2.11-0.7.jar, C:\Users\bened\.ivy2\cache\com.typesafe\config\bundles\config-1.3.0.jar, C:\Users\bened\.ivy2\cache\com.typesafe.play\play-json_2.11\jars\play-json_2.11-2.5.9.jar, C:\Users\bened\.ivy2\cache\com.typesafe.play\play-functional_2.11\jars\play-functional_2.11-2.5.9.jar, C:\Users\bened\.ivy2\cache\com.typesafe.play\play-datacommons_2.11\jars\play-datacommons_2.11-2.5.9.jar, C:\Users\bened\.ivy2\cache\joda-time\joda-time\jars\joda-time-2.9.4.jar, C:\Users\bened\.ivy2\cache\org.joda\joda-convert\jars\joda-convert-1.8.1.jar, C:\Users\bened\.ivy2\cache\org.scala-lang\scala-reflect\jars\scala-reflect-2.11.7.jar, C:\Users\bened\.ivy2\cache\com.fasterxml.jackson.core\jackson-core\bundles\jackson-core-2.7.6.jar, C:\Users\bened\.ivy2\cache\com.fasterxml.jackson.core\jackson-annotations\bundles\jackson-annotations-2.7.6.jar, C:\Users\bened\.ivy2\cache\com.fasterxml.jackson.core\jackson-databind\bundles\jackson-databind-2.7.6.jar, C:\Users\bened\.ivy2\cache\com.fasterxml.jackson.datatype\jackson-datatype-jdk8\bundles\jackson-datatype-jdk8-2.7.6.jar, C:\Users\bened\.ivy2\cache\com.fasterxml.jackson.datatype\jackson-datatype-jsr310\bundles\jackson-datatype-jsr310-2.7.6.jar, C:\Users\bened\.ivy2\cache\com.typesafe.play\play-netty-utils\jars\play-netty-utils-2.5.9.jar, C:\Users\bened\.ivy2\cache\org.slf4j\slf4j-api\jars\slf4j-api-1.7.21.jar, C:\Users\bened\.ivy2\cache\org.slf4j\jul-to-slf4j\jars\jul-to-slf4j-1.7.21.jar, C:\Users\bened\.ivy2\cache\org.slf4j\jcl-over-slf4j\jars\jcl-over-slf4j-1.7.21.jar, C:\Users\bened\.ivy2\cache\com.typesafe.play\play-streams_2.11\jars\play-streams_2.11-2.5.9.jar, C:\Users\bened\.ivy2\cache\org.reactivestreams\reactive-streams\jars\reactive-streams-1.0.0.jar, C:\Users\bened\.ivy2\cache\com.typesafe.akka\akka-stream_2.11\jars\akka-stream_2.11-2.4.10.jar, C:\Users\bened\.ivy2\cache\com.typesafe.akka\akka-actor_2.11\jars\akka-actor_2.11-2.4.10.jar, C:\Users\bened\.ivy2\cache\org.scala-lang.modules\scala-java8-compat_2.11\bundles\scala-java8-compat_2.11-0.7.0.jar, C:\Users\bened\.ivy2\cache\com.typesafe\ssl-config-akka_2.11\bundles\ssl-config-akka_2.11-0.2.1.jar, C:\Users\bened\.ivy2\cache\com.typesafe\ssl-config-core_2.11\bundles\ssl-config-core_2.11-0.2.1.jar, C:\Users\bened\.ivy2\cache\org.scala-lang.modules\scala-parser-combinators_2.11\bundles\scala-parser-combinators_2.11-1.0.4.jar, C:\Users\bened\.ivy2\cache\com.typesafe.akka\akka-slf4j_2.11\jars\akka-slf4j_2.11-2.4.10.jar, C:\Users\bened\.ivy2\cache\commons-codec\commons-codec\jars\commons-codec-1.10.jar, C:\Users\bened\.ivy2\cache\xerces\xercesImpl\jars\xercesImpl-2.11.0.jar, C:\Users\bened\.ivy2\cache\xml-apis\xml-apis\jars\xml-apis-1.4.01.jar, C:\Users\bened\.ivy2\cache\javax.transaction\jta\jars\jta-1.1.jar, C:\Users\bened\.ivy2\cache\com.google.inject\guice\jars\guice-4.0.jar, C:\Users\bened\.ivy2\cache\javax.inject\javax.inject\jars\javax.inject-1.jar, C:\Users\bened\.ivy2\cache\aopalliance\aopalliance\jars\aopalliance-1.0.jar, C:\Users\bened\.ivy2\cache\com.google.inject.extensions\guice-assistedinject\jars\guice-assistedinject-4.0.jar, C:\Users\bened\.ivy2\cache\com.typesafe.play\play-java_2.11\jars\play-java_2.11-2.5.9.jar, C:\Users\bened\.ivy2\cache\org.yaml\snakeyaml\bundles\snakeyaml-1.16.jar, C:\Users\bened\.ivy2\cache\org.hibernate\hibernate-validator\jars\hibernate-validator-5.2.4.Final.jar, C:\Users\bened\.ivy2\cache\javax.validation\validation-api\jars\validation-api-1.1.0.Final.jar, C:\Users\bened\.ivy2\cache\org.jboss.logging\jboss-logging\jars\jboss-logging-3.2.1.Final.jar, C:\Users\bened\.ivy2\cache\com.fasterxml\classmate\bundles\classmate-1.1.0.jar, C:\Users\bened\.ivy2\cache\javax.el\javax.el-api\jars\javax.el-api-3.0.0.jar, C:\Users\bened\.ivy2\cache\org.springframework\spring-context\jars\spring-context-4.2.7.RELEASE.jar, C:\Users\bened\.ivy2\cache\org.springframework\spring-core\jars\spring-core-4.2.7.RELEASE.jar, C:\Users\bened\.ivy2\cache\org.springframework\spring-beans\jars\spring-beans-4.2.7.RELEASE.jar, C:\Users\bened\.ivy2\cache\org.reflections\reflections\jars\reflections-0.9.10.jar, C:\Users\bened\.ivy2\cache\com.google.guava\guava\bundles\guava-19.0.jar, C:\Users\bened\.ivy2\cache\net.jodah\typetools\bundles\typetools-0.4.4.jar, C:\Users\bened\.ivy2\cache\com.google.code.findbugs\jsr305\jars\jsr305-3.0.1.jar, C:\Users\bened\.ivy2\cache\org.apache.tomcat\tomcat-servlet-api\jars\tomcat-servlet-api-8.0.33.jar, C:\Users\bened\.ivy2\cache\com.typesafe.play\play-netty-server_2.11\jars\play-netty-server_2.11-2.5.9.jar, C:\Users\bened\.ivy2\cache\com.typesafe.netty\netty-reactive-streams-http\jars\netty-reactive-streams-http-1.0.8.jar, C:\Users\bened\.ivy2\cache\com.typesafe.netty\netty-reactive-streams\jars\netty-reactive-streams-1.0.8.jar, C:\Users\bened\.ivy2\cache\io.netty\netty-handler\jars\netty-handler-4.0.41.Final.jar, C:\Users\bened\.ivy2\cache\io.netty\netty-buffer\jars\netty-buffer-4.0.41.Final.jar, C:\Users\bened\.ivy2\cache\io.netty\netty-common\jars\netty-common-4.0.41.Final.jar, C:\Users\bened\.ivy2\cache\io.netty\netty-transport\jars\netty-transport-4.0.41.Final.jar, C:\Users\bened\.ivy2\cache\io.netty\netty-codec\jars\netty-codec-4.0.41.Final.jar, C:\Users\bened\.ivy2\cache\io.netty\netty-codec-http\jars\netty-codec-http-4.0.41.Final.jar, C:\Users\bened\.ivy2\cache\io.netty\netty-transport-native-epoll\jars\netty-transport-native-epoll-4.0.41.Final-linux-x86_64.jar, C:\Users\bened\.ivy2\cache\com.typesafe.play\play-logback_2.11\jars\play-logback_2.11-2.5.9.jar, C:\Users\bened\.ivy2\cache\ch.qos.logback\logback-classic\jars\logback-classic-1.1.7.jar, C:\Users\bened\.ivy2\cache\ch.qos.logback\logback-core\jars\logback-core-1.1.7.jar, C:\Users\bened\.ivy2\cache\com.typesafe.play\play-java-jdbc_2.11\jars\play-java-jdbc_2.11-2.5.9.jar, C:\Users\bened\.ivy2\cache\com.typesafe.play\play-jdbc_2.11\jars\play-jdbc_2.11-2.5.9.jar, C:\Users\bened\.ivy2\cache\com.typesafe.play\play-jdbc-api_2.11\jars\play-jdbc-api_2.11-2.5.9.jar, C:\Users\bened\.ivy2\cache\com.jolbox\bonecp\bundles\bonecp-0.8.0.RELEASE.jar, C:\Users\bened\.ivy2\cache\com.zaxxer\HikariCP\bundles\HikariCP-2.5.1.jar, C:\Users\bened\.ivy2\cache\com.googlecode.usc\jdbcdslog\jars\jdbcdslog-1.0.6.2.jar, C:\Users\bened\.ivy2\cache\com.h2database\h2\jars\h2-1.4.192.jar, C:\Users\bened\.ivy2\cache\tyrex\tyrex\jars\tyrex-1.0.1.jar, C:\Users\bened\.ivy2\cache\com.typesafe.play\play-cache_2.11\jars\play-cache_2.11-2.5.9.jar, C:\Users\bened\.ivy2\cache\net.sf.ehcache\ehcache-core\jars\ehcache-core-2.6.11.jar, C:\Users\bened\.ivy2\cache\com.typesafe.play\play-java-ws_2.11\jars\play-java-ws_2.11-2.5.9.jar, C:\Users\bened\.ivy2\cache\com.typesafe.play\play-ws_2.11\jars\play-ws_2.11-2.5.9.jar, C:\Users\bened\.ivy2\cache\org.asynchttpclient\async-http-client\jars\async-http-client-2.0.11.jar, C:\Users\bened\.ivy2\cache\org.asynchttpclient\netty-resolver-dns\jars\netty-resolver-dns-2.0.11.jar, C:\Users\bened\.ivy2\cache\org.asynchttpclient\netty-resolver\jars\netty-resolver-2.0.11.jar, C:\Users\bened\.ivy2\cache\org.asynchttpclient\netty-codec-dns\jars\netty-codec-dns-2.0.11.jar, C:\Users\bened\.ivy2\cache\org.javassist\javassist\bundles\javassist-3.20.0-GA.jar, C:\Users\bened\.ivy2\cache\oauth.signpost\signpost-core\jars\signpost-core-1.2.1.2.jar, C:\Users\bened\.ivy2\cache\oauth.signpost\signpost-commonshttp4\jars\signpost-commonshttp4-1.2.1.2.jar, C:\Users\bened\.ivy2\cache\org.apache.httpcomponents\httpcore\jars\httpcore-4.0.1.jar, C:\Users\bened\.ivy2\cache\org.apache.httpcomponents\httpclient\jars\httpclient-4.0.1.jar, C:\Users\bened\.ivy2\cache\commons-logging\commons-logging\jars\commons-logging-1.1.1.jar, C:\Users\bened\.ivy2\cache\com.google.code.gson\gson\jars\gson-2.2.4.jar, C:\Users\bened\.ivy2\cache\log4j\log4j\jars\log4j-1.2.14.jar),List((public/,D:\Documents\Studium\Webtech\Webtechnologie_WS2016\target\web\public\main)),List(C:\Users\bened\.ivy2\cache\com.typesafe.play\play-omnidoc_2.11\jars\play-omnidoc_2.11-2.5.9.jar, C:\Users\bened\.ivy2\cache\org.scala-lang\scala-library\jars\scala-library-2.11.7.jar, C:\Users\bened\.ivy2\cache\com.typesafe.play\play-docs_2.11\jars\play-docs_2.11-2.5.9.jar, C:\Users\bened\.ivy2\cache\com.typesafe.play\play-netty-server_2.11\jars\play-netty-server_2.11-2.5.9.jar, C:\Users\bened\.ivy2\cache\com.typesafe.play\play-server_2.11\jars\play-server_2.11-2.5.9.jar, C:\Users\bened\.ivy2\cache\com.typesafe.play\play_2.11\jars\play_2.11-2.5.9.jar, C:\Users\bened\.ivy2\cache\com.typesafe.play\build-link\jars\build-link-2.5.9.jar, C:\Users\bened\.ivy2\cache\com.typesafe.play\play-exceptions\jars\play-exceptions-2.5.9.jar, C:\Users\bened\.ivy2\cache\com.typesafe.play\play-iteratees_2.11\jars\play-iteratees_2.11-2.5.9.jar, C:\Users\bened\.ivy2\cache\org.scala-stm\scala-stm_2.11\jars\scala-stm_2.11-0.7.jar, C:\Users\bened\.ivy2\cache\com.typesafe\config\bundles\config-1.3.0.jar, C:\Users\bened\.ivy2\cache\com.typesafe.play\play-json_2.11\jars\play-json_2.11-2.5.9.jar, C:\Users\bened\.ivy2\cache\com.typesafe.play\play-functional_2.11\jars\play-functional_2.11-2.5.9.jar, C:\Users\bened\.ivy2\cache\com.typesafe.play\play-datacommons_2.11\jars\play-datacommons_2.11-2.5.9.jar, C:\Users\bened\.ivy2\cache\joda-time\joda-time\jars\joda-time-2.9.4.jar, C:\Users\bened\.ivy2\cache\org.joda\joda-convert\jars\joda-convert-1.8.1.jar, C:\Users\bened\.ivy2\cache\org.scala-lang\scala-reflect\jars\scala-reflect-2.11.7.jar, C:\Users\bened\.ivy2\cache\com.fasterxml.jackson.core\jackson-core\bundles\jackson-core-2.7.6.jar, C:\Users\bened\.ivy2\cache\com.fasterxml.jackson.core\jackson-annotations\bundles\jackson-annotations-2.7.6.jar, C:\Users\bened\.ivy2\cache\com.fasterxml.jackson.core\jackson-databind\bundles\jackson-databind-2.7.6.jar, C:\Users\bened\.ivy2\cache\com.fasterxml.jackson.datatype\jackson-datatype-jdk8\bundles\jackson-datatype-jdk8-2.7.6.jar, C:\Users\bened\.ivy2\cache\com.fasterxml.jackson.datatype\jackson-datatype-jsr310\bundles\jackson-datatype-jsr310-2.7.6.jar, C:\Users\bened\.ivy2\cache\com.typesafe.play\play-netty-utils\jars\play-netty-utils-2.5.9.jar, C:\Users\bened\.ivy2\cache\org.slf4j\slf4j-api\jars\slf4j-api-1.7.21.jar, C:\Users\bened\.ivy2\cache\org.slf4j\jul-to-slf4j\jars\jul-to-slf4j-1.7.21.jar, C:\Users\bened\.ivy2\cache\org.slf4j\jcl-over-slf4j\jars\jcl-over-slf4j-1.7.21.jar, C:\Users\bened\.ivy2\cache\com.typesafe.play\play-streams_2.11\jars\play-streams_2.11-2.5.9.jar, C:\Users\bened\.ivy2\cache\org.reactivestreams\reactive-streams\jars\reactive-streams-1.0.0.jar, C:\Users\bened\.ivy2\cache\com.typesafe.akka\akka-stream_2.11\jars\akka-stream_2.11-2.4.10.jar, C:\Users\bened\.ivy2\cache\com.typesafe.akka\akka-actor_2.11\jars\akka-actor_2.11-2.4.10.jar, C:\Users\bened\.ivy2\cache\org.scala-lang.modules\scala-java8-compat_2.11\bundles\scala-java8-compat_2.11-0.7.0.jar, C:\Users\bened\.ivy2\cache\com.typesafe\ssl-config-akka_2.11\bundles\ssl-config-akka_2.11-0.2.1.jar, C:\Users\bened\.ivy2\cache\com.typesafe\ssl-config-core_2.11\bundles\ssl-config-core_2.11-0.2.1.jar, C:\Users\bened\.ivy2\cache\org.scala-lang.modules\scala-parser-combinators_2.11\bundles\scala-parser-combinators_2.11-1.0.4.jar, C:\Users\bened\.ivy2\cache\com.typesafe.play\twirl-api_2.11\jars\twirl-api_2.11-1.1.1.jar, C:\Users\bened\.ivy2\cache\org.apache.commons\commons-lang3\jars\commons-lang3-3.4.jar, C:\Users\bened\.ivy2\cache\org.scala-lang.modules\scala-xml_2.11\bundles\scala-xml_2.11-1.0.1.jar, C:\Users\bened\.ivy2\cache\com.typesafe.akka\akka-slf4j_2.11\jars\akka-slf4j_2.11-2.4.10.jar, C:\Users\bened\.ivy2\cache\commons-codec\commons-codec\jars\commons-codec-1.10.jar, C:\Users\bened\.ivy2\cache\xerces\xercesImpl\jars\xercesImpl-2.11.0.jar, C:\Users\bened\.ivy2\cache\xml-apis\xml-apis\jars\xml-apis-1.4.01.jar, C:\Users\bened\.ivy2\cache\javax.transaction\jta\jars\jta-1.1.jar, C:\Users\bened\.ivy2\cache\com.google.inject\guice\jars\guice-4.0.jar, C:\Users\bened\.ivy2\cache\javax.inject\javax.inject\jars\javax.inject-1.jar, C:\Users\bened\.ivy2\cache\aopalliance\aopalliance\jars\aopalliance-1.0.jar, C:\Users\bened\.ivy2\cache\com.google.guava\guava\bundles\guava-16.0.1.jar, C:\Users\bened\.ivy2\cache\com.google.inject.extensions\guice-assistedinject\jars\guice-assistedinject-4.0.jar, C:\Users\bened\.ivy2\cache\com.typesafe.netty\netty-reactive-streams-http\jars\netty-reactive-streams-http-1.0.8.jar, C:\Users\bened\.ivy2\cache\com.typesafe.netty\netty-reactive-streams\jars\netty-reactive-streams-1.0.8.jar, C:\Users\bened\.ivy2\cache\io.netty\netty-handler\jars\netty-handler-4.0.41.Final.jar, C:\Users\bened\.ivy2\cache\io.netty\netty-buffer\jars\netty-buffer-4.0.41.Final.jar, C:\Users\bened\.ivy2\cache\io.netty\netty-common\jars\netty-common-4.0.41.Final.jar, C:\Users\bened\.ivy2\cache\io.netty\netty-transport\jars\netty-transport-4.0.41.Final.jar, C:\Users\bened\.ivy2\cache\io.netty\netty-codec\jars\netty-codec-4.0.41.Final.jar, C:\Users\bened\.ivy2\cache\io.netty\netty-codec-http\jars\netty-codec-http-4.0.41.Final.jar, C:\Users\bened\.ivy2\cache\io.netty\netty-transport-native-epoll\jars\netty-transport-native-epoll-4.0.41.Final-linux-x86_64.jar, C:\Users\bened\.ivy2\cache\com.typesafe.play\play-doc_2.11\jars\play-doc_2.11-1.2.2.jar, C:\Users\bened\.ivy2\cache\org.pegdown\pegdown\jars\pegdown-1.4.0.jar, C:\Users\bened\.ivy2\cache\org.parboiled\parboiled-java\bundles\parboiled-java-1.1.5.jar, C:\Users\bened\.ivy2\cache\org.parboiled\parboiled-core\bundles\parboiled-core-1.1.5.jar, C:\Users\bened\.ivy2\cache\org.ow2.asm\asm\jars\asm-4.1.jar, C:\Users\bened\.ivy2\cache\org.ow2.asm\asm-tree\jars\asm-tree-4.1.jar, C:\Users\bened\.ivy2\cache\org.ow2.asm\asm-analysis\jars\asm-analysis-4.1.jar, C:\Users\bened\.ivy2\cache\org.ow2.asm\asm-util\jars\asm-util-4.1.jar, C:\Users\bened\.ivy2\cache\commons-io\commons-io\jars\commons-io-2.4.jar),Some(C:\Users\bened\.ivy2\cache\com.typesafe.play\play-omnidoc_2.11\jars\play-omnidoc_2.11-2.5.9.jar),List(),9000,0.0.0.0,DefaultWatchService,List(D:\Documents\Studium\Webtech\Webtechnologie_WS2016\public, D:\Documents\Studium\Webtech\Webtechnologie_WS2016\conf, D:\Documents\Studium\Webtech\Webtechnologie_WS2016\app),D:\Documents\Studium\Webtech\Webtechnologie_WS2016\target,500,root/playForkNotifyStart,root/playForkReload,300000,play.core.server.DevServerStart),scala.pickling.PicklerUnpickler$DelegatingPicklerUnpickler@20808d45),ForkConfig(D:\Documents\Studium\Webtech\Webtechnologie_WS2016,List(-Djna.nosys=true),List(D:\Documents\Studium\Webtech\Webtechnologie_WS2016\lib\aopalliance.jar, D:\Documents\Studium\Webtech\Webtechnologie_WS2016\lib\guice-3.0.jar, D:\Documents\Studium\Webtech\Webtechnologie_WS2016\lib\guice-assistedinject-3.0.jar, D:\Documents\Studium\Webtech\Webtechnologie_WS2016\lib\javax.inject.jar, D:\Documents\Studium\Webtech\Webtechnologie_WS2016\lib\javax.json-1.0.4.jar, D:\Documents\Studium\Webtech\Webtechnologie_WS2016\lib\log4j-1.2.17.jar, C:\Users\bened\.ivy2\cache\org.scala-lang\scala-library\jars\scala-library-2.11.7.jar, C:\Users\bened\.ivy2\cache\com.typesafe.play\twirl-api_2.11\jars\twirl-api_2.11-1.1.1.jar, C:\Users\bened\.ivy2\cache\org.apache.commons\commons-lang3\jars\commons-lang3-3.4.jar, C:\Users\bened\.ivy2\cache\org.scala-lang.modules\scala-xml_2.11\bundles\scala-xml_2.11-1.0.1.jar, C:\Users\bened\.ivy2\cache\com.typesafe.play\play-enhancer\jars\play-enhancer-1.1.0.jar, C:\Users\bened\.ivy2\cache\com.typesafe.play\play-server_2.11\jars\play-server_2.11-2.5.9.jar, C:\Users\bened\.ivy2\cache\com.typesafe.play\play_2.11\jars\play_2.11-2.5.9.jar, C:\Users\bened\.ivy2\cache\com.typesafe.play\build-link\jars\build-link-2.5.9.jar, C:\Users\bened\.ivy2\cache\com.typesafe.play\play-exceptions\jars\play-exceptions-2.5.9.jar, C:\Users\bened\.ivy2\cache\com.typesafe.play\play-iteratees_2.11\jars\play-iteratees_2.11-2.5.9.jar, C:\Users\bened\.ivy2\cache\org.scala-stm\scala-stm_2.11\jars\scala-stm_2.11-0.7.jar, C:\Users\bened\.ivy2\cache\com.typesafe\config\bundles\config-1.3.0.jar, C:\Users\bened\.ivy2\cache\com.typesafe.play\play-json_2.11\jars\play-json_2.11-2.5.9.jar, C:\Users\bened\.ivy2\cache\com.typesafe.play\play-functional_2.11\jars\play-functional_2.11-2.5.9.jar, C:\Users\bened\.ivy2\cache\com.typesafe.play\play-datacommons_2.11\jars\play-datacommons_2.11-2.5.9.jar, C:\Users\bened\.ivy2\cache\joda-time\joda-time\jars\joda-time-2.9.4.jar, C:\Users\bened\.ivy2\cache\org.joda\joda-convert\jars\joda-convert-1.8.1.jar, C:\Users\bened\.ivy2\cache\org.scala-lang\scala-reflect\jars\scala-reflect-2.11.7.jar, C:\Users\bened\.ivy2\cache\com.fasterxml.jackson.core\jackson-core\bundles\jackson-core-2.7.6.jar, C:\Users\bened\.ivy2\cache\com.fasterxml.jackson.core\jackson-annotations\bundles\jackson-annotations-2.7.6.jar, C:\Users\bened\.ivy2\cache\com.fasterxml.jackson.core\jackson-databind\bundles\jackson-databind-2.7.6.jar, C:\Users\bened\.ivy2\cache\com.fasterxml.jackson.datatype\jackson-datatype-jdk8\bundles\jackson-datatype-jdk8-2.7.6.jar, C:\Users\bened\.ivy2\cache\com.fasterxml.jackson.datatype\jackson-datatype-jsr310\bundles\jackson-datatype-jsr310-2.7.6.jar, C:\Users\bened\.ivy2\cache\com.typesafe.play\play-netty-utils\jars\play-netty-utils-2.5.9.jar, C:\Users\bened\.ivy2\cache\org.slf4j\slf4j-api\jars\slf4j-api-1.7.21.jar, C:\Users\bened\.ivy2\cache\org.slf4j\jul-to-slf4j\jars\jul-to-slf4j-1.7.21.jar, C:\Users\bened\.ivy2\cache\org.slf4j\jcl-over-slf4j\jars\jcl-over-slf4j-1.7.21.jar, C:\Users\bened\.ivy2\cache\com.typesafe.play\play-streams_2.11\jars\play-streams_2.11-2.5.9.jar, C:\Users\bened\.ivy2\cache\org.reactivestreams\reactive-streams\jars\reactive-streams-1.0.0.jar, C:\Users\bened\.ivy2\cache\com.typesafe.akka\akka-stream_2.11\jars\akka-stream_2.11-2.4.10.jar, C:\Users\bened\.ivy2\cache\com.typesafe.akka\akka-actor_2.11\jars\akka-actor_2.11-2.4.10.jar, C:\Users\bened\.ivy2\cache\org.scala-lang.modules\scala-java8-compat_2.11\bundles\scala-java8-compat_2.11-0.7.0.jar, C:\Users\bened\.ivy2\cache\com.typesafe\ssl-config-akka_2.11\bundles\ssl-config-akka_2.11-0.2.1.jar, C:\Users\bened\.ivy2\cache\com.typesafe\ssl-config-core_2.11\bundles\ssl-config-core_2.11-0.2.1.jar, C:\Users\bened\.ivy2\cache\org.scala-lang.modules\scala-parser-combinators_2.11\bundles\scala-parser-combinators_2.11-1.0.4.jar, C:\Users\bened\.ivy2\cache\com.typesafe.akka\akka-slf4j_2.11\jars\akka-slf4j_2.11-2.4.10.jar, C:\Users\bened\.ivy2\cache\commons-codec\commons-codec\jars\commons-codec-1.10.jar, C:\Users\bened\.ivy2\cache\xerces\xercesImpl\jars\xercesImpl-2.11.0.jar, C:\Users\bened\.ivy2\cache\xml-apis\xml-apis\jars\xml-apis-1.4.01.jar, C:\Users\bened\.ivy2\cache\javax.transaction\jta\jars\jta-1.1.jar, C:\Users\bened\.ivy2\cache\com.google.inject\guice\jars\guice-4.0.jar, C:\Users\bened\.ivy2\cache\javax.inject\javax.inject\jars\javax.inject-1.jar, C:\Users\bened\.ivy2\cache\aopalliance\aopalliance\jars\aopalliance-1.0.jar, C:\Users\bened\.ivy2\cache\com.google.inject.extensions\guice-assistedinject\jars\guice-assistedinject-4.0.jar, C:\Users\bened\.ivy2\cache\com.typesafe.play\play-java_2.11\jars\play-java_2.11-2.5.9.jar, C:\Users\bened\.ivy2\cache\org.yaml\snakeyaml\bundles\snakeyaml-1.16.jar, C:\Users\bened\.ivy2\cache\org.hibernate\hibernate-validator\jars\hibernate-validator-5.2.4.Final.jar, C:\Users\bened\.ivy2\cache\javax.validation\validation-api\jars\validation-api-1.1.0.Final.jar, C:\Users\bened\.ivy2\cache\org.jboss.logging\jboss-logging\jars\jboss-logging-3.2.1.Final.jar, C:\Users\bened\.ivy2\cache\com.fasterxml\classmate\bundles\classmate-1.1.0.jar, C:\Users\bened\.ivy2\cache\javax.el\javax.el-api\jars\javax.el-api-3.0.0.jar, C:\Users\bened\.ivy2\cache\org.springframework\spring-context\jars\spring-context-4.2.7.RELEASE.jar, C:\Users\bened\.ivy2\cache\org.springframework\spring-core\jars\spring-core-4.2.7.RELEASE.jar, C:\Users\bened\.ivy2\cache\org.springframework\spring-beans\jars\spring-beans-4.2.7.RELEASE.jar, C:\Users\bened\.ivy2\cache\org.reflections\reflections\jars\reflections-0.9.10.jar, C:\Users\bened\.ivy2\cache\com.google.guava\guava\bundles\guava-19.0.jar, C:\Users\bened\.ivy2\cache\net.jodah\typetools\bundles\typetools-0.4.4.jar, C:\Users\bened\.ivy2\cache\com.google.code.findbugs\jsr305\jars\jsr305-3.0.1.jar, C:\Users\bened\.ivy2\cache\org.apache.tomcat\tomcat-servlet-api\jars\tomcat-servlet-api-8.0.33.jar, C:\Users\bened\.ivy2\cache\com.typesafe.play\play-netty-server_2.11\jars\play-netty-server_2.11-2.5.9.jar, C:\Users\bened\.ivy2\cache\com.typesafe.netty\netty-reactive-streams-http\jars\netty-reactive-streams-http-1.0.8.jar, C:\Users\bened\.ivy2\cache\com.typesafe.netty\netty-reactive-streams\jars\netty-reactive-streams-1.0.8.jar, C:\Users\bened\.ivy2\cache\io.netty\netty-handler\jars\netty-handler-4.0.41.Final.jar, C:\Users\bened\.ivy2\cache\io.netty\netty-buffer\jars\netty-buffer-4.0.41.Final.jar, C:\Users\bened\.ivy2\cache\io.netty\netty-common\jars\netty-common-4.0.41.Final.jar, C:\Users\bened\.ivy2\cache\io.netty\netty-transport\jars\netty-transport-4.0.41.Final.jar, C:\Users\bened\.ivy2\cache\io.netty\netty-codec\jars\netty-codec-4.0.41.Final.jar, C:\Users\bened\.ivy2\cache\io.netty\netty-codec-http\jars\netty-codec-http-4.0.41.Final.jar, C:\Users\bened\.ivy2\cache\io.netty\netty-transport-native-epoll\jars\netty-transport-native-epoll-4.0.41.Final-linux-x86_64.jar, C:\Users\bened\.ivy2\cache\com.typesafe.play\play-logback_2.11\jars\play-logback_2.11-2.5.9.jar, C:\Users\bened\.ivy2\cache\ch.qos.logback\logback-classic\jars\logback-classic-1.1.7.jar, C:\Users\bened\.ivy2\cache\ch.qos.logback\logback-core\jars\logback-core-1.1.7.jar, C:\Users\bened\.ivy2\cache\com.typesafe.play\play-java-jdbc_2.11\jars\play-java-jdbc_2.11-2.5.9.jar, C:\Users\bened\.ivy2\cache\com.typesafe.play\play-jdbc_2.11\jars\play-jdbc_2.11-2.5.9.jar, C:\Users\bened\.ivy2\cache\com.typesafe.play\play-jdbc-api_2.11\jars\play-jdbc-api_2.11-2.5.9.jar, C:\Users\bened\.ivy2\cache\com.jolbox\bonecp\bundles\bonecp-0.8.0.RELEASE.jar, C:\Users\bened\.ivy2\cache\com.zaxxer\HikariCP\bundles\HikariCP-2.5.1.jar, C:\Users\bened\.ivy2\cache\com.googlecode.usc\jdbcdslog\jars\jdbcdslog-1.0.6.2.jar, C:\Users\bened\.ivy2\cache\com.h2database\h2\jars\h2-1.4.192.jar, C:\Users\bened\.ivy2\cache\tyrex\tyrex\jars\tyrex-1.0.1.jar, C:\Users\bened\.ivy2\cache\com.typesafe.play\play-cache_2.11\jars\play-cache_2.11-2.5.9.jar, C:\Users\bened\.ivy2\cache\net.sf.ehcache\ehcache-core\jars\ehcache-core-2.6.11.jar, C:\Users\bened\.ivy2\cache\com.typesafe.play\play-java-ws_2.11\jars\play-java-ws_2.11-2.5.9.jar, C:\Users\bened\.ivy2\cache\com.typesafe.play\play-ws_2.11\jars\play-ws_2.11-2.5.9.jar, C:\Users\bened\.ivy2\cache\org.asynchttpclient\async-http-client\jars\async-http-client-2.0.11.jar, C:\Users\bened\.ivy2\cache\org.asynchttpclient\netty-resolver-dns\jars\netty-resolver-dns-2.0.11.jar, C:\Users\bened\.ivy2\cache\org.asynchttpclient\netty-resolver\jars\netty-resolver-2.0.11.jar, C:\Users\bened\.ivy2\cache\org.asynchttpclient\netty-codec-dns\jars\netty-codec-dns-2.0.11.jar, C:\Users\bened\.ivy2\cache\org.javassist\javassist\bundles\javassist-3.20.0-GA.jar, C:\Users\bened\.ivy2\cache\oauth.signpost\signpost-core\jars\signpost-core-1.2.1.2.jar, C:\Users\bened\.ivy2\cache\oauth.signpost\signpost-commonshttp4\jars\signpost-commonshttp4-1.2.1.2.jar, C:\Users\bened\.ivy2\cache\org.apache.httpcomponents\httpcore\jars\httpcore-4.0.1.jar, C:\Users\bened\.ivy2\cache\org.apache.httpcomponents\httpclient\jars\httpclient-4.0.1.jar, C:\Users\bened\.ivy2\cache\commons-logging\commons-logging\jars\commons-logging-1.1.1.jar, C:\Users\bened\.ivy2\cache\com.google.code.gson\gson\jars\gson-2.2.4.jar, C:\Users\bened\.ivy2\cache\log4j\log4j\jars\log4j-1.2.14.jar),List((public/,D:\Documents\Studium\Webtech\Webtechnologie_WS2016\target\web\public\main)),List(C:\Users\bened\.ivy2\cache\com.typesafe.play\play-omnidoc_2.11\jars\play-omnidoc_2.11-2.5.9.jar, C:\Users\bened\.ivy2\cache\org.scala-lang\scala-library\jars\scala-library-2.11.7.jar, C:\Users\bened\.ivy2\cache\com.typesafe.play\play-docs_2.11\jars\play-docs_2.11-2.5.9.jar, C:\Users\bened\.ivy2\cache\com.typesafe.play\play-netty-server_2.11\jars\play-netty-server_2.11-2.5.9.jar, C:\Users\bened\.ivy2\cache\com.typesafe.play\play-server_2.11\jars\play-server_2.11-2.5.9.jar, C:\Users\bened\.ivy2\cache\com.typesafe.play\play_2.11\jars\play_2.11-2.5.9.jar, C:\Users\bened\.ivy2\cache\com.typesafe.play\build-link\jars\build-link-2.5.9.jar, C:\Users\bened\.ivy2\cache\com.typesafe.play\play-exceptions\jars\play-exceptions-2.5.9.jar, C:\Users\bened\.ivy2\cache\com.typesafe.play\play-iteratees_2.11\jars\play-iteratees_2.11-2.5.9.jar, C:\Users\bened\.ivy2\cache\org.scala-stm\scala-stm_2.11\jars\scala-stm_2.11-0.7.jar, C:\Users\bened\.ivy2\cache\com.typesafe\config\bundles\config-1.3.0.jar, C:\Users\bened\.ivy2\cache\com.typesafe.play\play-json_2.11\jars\play-json_2.11-2.5.9.jar, C:\Users\bened\.ivy2\cache\com.typesafe.play\play-functional_2.11\jars\play-functional_2.11-2.5.9.jar, C:\Users\bened\.ivy2\cache\com.typesafe.play\play-datacommons_2.11\jars\play-datacommons_2.11-2.5.9.jar, C:\Users\bened\.ivy2\cache\joda-time\joda-time\jars\joda-time-2.9.4.jar, C:\Users\bened\.ivy2\cache\org.joda\joda-convert\jars\joda-convert-1.8.1.jar, C:\Users\bened\.ivy2\cache\org.scala-lang\scala-reflect\jars\scala-reflect-2.11.7.jar, C:\Users\bened\.ivy2\cache\com.fasterxml.jackson.core\jackson-core\bundles\jackson-core-2.7.6.jar, C:\Users\bened\.ivy2\cache\com.fasterxml.jackson.core\jackson-annotations\bundles\jackson-annotations-2.7.6.jar, C:\Users\bened\.ivy2\cache\com.fasterxml.jackson.core\jackson-databind\bundles\jackson-databind-2.7.6.jar, C:\Users\bened\.ivy2\cache\com.fasterxml.jackson.datatype\jackson-datatype-jdk8\bundles\jackson-datatype-jdk8-2.7.6.jar, C:\Users\bened\.ivy2\cache\com.fasterxml.jackson.datatype\jackson-datatype-jsr310\bundles\jackson-datatype-jsr310-2.7.6.jar, C:\Users\bened\.ivy2\cache\com.typesafe.play\play-netty-utils\jars\play-netty-utils-2.5.9.jar, C:\Users\bened\.ivy2\cache\org.slf4j\slf4j-api\jars\slf4j-api-1.7.21.jar, C:\Users\bened\.ivy2\cache\org.slf4j\jul-to-slf4j\jars\jul-to-slf4j-1.7.21.jar, C:\Users\bened\.ivy2\cache\org.slf4j\jcl-over-slf4j\jars\jcl-over-slf4j-1.7.21.jar, C:\Users\bened\.ivy2\cache\com.typesafe.play\play-streams_2.11\jars\play-streams_2.11-2.5.9.jar, C:\Users\bened\.ivy2\cache\org.reactivestreams\reactive-streams\jars\reactive-streams-1.0.0.jar, C:\Users\bened\.ivy2\cache\com.typesafe.akka\akka-stream_2.11\jars\akka-stream_2.11-2.4.10.jar, C:\Users\bened\.ivy2\cache\com.typesafe.akka\akka-actor_2.11\jars\akka-actor_2.11-2.4.10.jar, C:\Users\bened\.ivy2\cache\org.scala-lang.modules\scala-java8-compat_2.11\bundles\scala-java8-compat_2.11-0.7.0.jar, C:\Users\bened\.ivy2\cache\com.typesafe\ssl-config-akka_2.11\bundles\ssl-config-akka_2.11-0.2.1.jar, C:\Users\bened\.ivy2\cache\com.typesafe\ssl-config-core_2.11\bundles\ssl-config-core_2.11-0.2.1.jar, C:\Users\bened\.ivy2\cache\org.scala-lang.modules\scala-parser-combinators_2.11\bundles\scala-parser-combinators_2.11-1.0.4.jar, C:\Users\bened\.ivy2\cache\com.typesafe.play\twirl-api_2.11\jars\twirl-api_2.11-1.1.1.jar, C:\Users\bened\.ivy2\cache\org.apache.commons\commons-lang3\jars\commons-lang3-3.4.jar, C:\Users\bened\.ivy2\cache\org.scala-lang.modules\scala-xml_2.11\bundles\scala-xml_2.11-1.0.1.jar, C:\Users\bened\.ivy2\cache\com.typesafe.akka\akka-slf4j_2.11\jars\akka-slf4j_2.11-2.4.10.jar, C:\Users\bened\.ivy2\cache\commons-codec\commons-codec\jars\commons-codec-1.10.jar, C:\Users\bened\.ivy2\cache\xerces\xercesImpl\jars\xercesImpl-2.11.0.jar, C:\Users\bened\.ivy2\cache\xml-apis\xml-apis\jars\xml-apis-1.4.01.jar, C:\Users\bened\.ivy2\cache\javax.transaction\jta\jars\jta-1.1.jar, C:\Users\bened\.ivy2\cache\com.google.inject\guice\jars\guice-4.0.jar, C:\Users\bened\.ivy2\cache\javax.inject\javax.inject\jars\javax.inject-1.jar, C:\Users\bened\.ivy2\cache\aopalliance\aopalliance\jars\aopalliance-1.0.jar, C:\Users\bened\.ivy2\cache\com.google.guava\guava\bundles\guava-16.0.1.jar, C:\Users\bened\.ivy2\cache\com.google.inject.extensions\guice-assistedinject\jars\guice-assistedinject-4.0.jar, C:\Users\bened\.ivy2\cache\com.typesafe.netty\netty-reactive-streams-http\jars\netty-reactive-streams-http-1.0.8.jar, C:\Users\bened\.ivy2\cache\com.typesafe.netty\netty-reactive-streams\jars\netty-reactive-streams-1.0.8.jar, C:\Users\bened\.ivy2\cache\io.netty\netty-handler\jars\netty-handler-4.0.41.Final.jar, C:\Users\bened\.ivy2\cache\io.netty\netty-buffer\jars\netty-buffer-4.0.41.Final.jar, C:\Users\bened\.ivy2\cache\io.netty\netty-common\jars\netty-common-4.0.41.Final.jar, C:\Users\bened\.ivy2\cache\io.netty\netty-transport\jars\netty-transport-4.0.41.Final.jar, C:\Users\bened\.ivy2\cache\io.netty\netty-codec\jars\netty-codec-4.0.41.Final.jar, C:\Users\bened\.ivy2\cache\io.netty\netty-codec-http\jars\netty-codec-http-4.0.41.Final.jar, C:\Users\bened\.ivy2\cache\io.netty\netty-transport-native-epoll\jars\netty-transport-native-epoll-4.0.41.Final-linux-x86_64.jar, C:\Users\bened\.ivy2\cache\com.typesafe.play\play-doc_2.11\jars\play-doc_2.11-1.2.2.jar, C:\Users\bened\.ivy2\cache\org.pegdown\pegdown\jars\pegdown-1.4.0.jar, C:\Users\bened\.ivy2\cache\org.parboiled\parboiled-java\bundles\parboiled-java-1.1.5.jar, C:\Users\bened\.ivy2\cache\org.parboiled\parboiled-core\bundles\parboiled-core-1.1.5.jar, C:\Users\bened\.ivy2\cache\org.ow2.asm\asm\jars\asm-4.1.jar, C:\Users\bened\.ivy2\cache\org.ow2.asm\asm-tree\jars\asm-tree-4.1.jar, C:\Users\bened\.ivy2\cache\org.ow2.asm\asm-analysis\jars\asm-analysis-4.1.jar, C:\Users\bened\.ivy2\cache\org.ow2.asm\asm-util\jars\asm-util-4.1.jar, C:\Users\bened\.ivy2\cache\commons-io\commons-io\jars\commons-io-2.4.jar),Some(C:\Users\bened\.ivy2\cache\com.typesafe.play\play-omnidoc_2.11\jars\play-omnidoc_2.11-2.5.9.jar),List(),9000,0.0.0.0,DefaultWatchService,List(D:\Documents\Studium\Webtech\Webtechnologie_WS2016\public, D:\Documents\Studium\Webtech\Webtechnologie_WS2016\conf, D:\Documents\Studium\Webtech\Webtechnologie_WS2016\app),D:\Documents\Studium\Webtech\Webtechnologie_WS2016\target,500,root/playForkNotifyStart,root/playForkReload,300000,play.core.server.DevServerStart))))
Sending msg to client play-fork-run-0e133483-f3bb-4835-bb2a-84f5eb593559: TaskStarted(11,993,None)
Sending msg to client play-fork-run-0e133483-f3bb-4835-bb2a-84f5eb593559: TaskFinished(11,993,None,true,None)
Sending msg to client play-fork-run-0e133483-f3bb-4835-bb2a-84f5eb593559: TaskStarted(11,992,None)
Sending msg to client play-fork-run-0e133483-f3bb-4835-bb2a-84f5eb593559: TaskFinished(11,992,None,true,None)
Sending msg to client play-fork-run-0e133483-f3bb-4835-bb2a-84f5eb593559: DetachedLogEvent(LogMessage(debug,cancel strategy finish enabled=false lastCommand=Some(LastCommand(CommandExecutionWork(ExecutionId(11),{file:/D:/Documents/Studium/Webtech/Webtechnologie_WS2016/}root/*:playForkConfig,Set(LiveClient(play-fork-run 0e133483-f3bb-4835-bb2a-84f5eb593559)),sbt.server.WorkCancellationStatus$$anon$1@3e14e49a)))))
Sending msg to client play-fork-run-0e133483-f3bb-4835-bb2a-84f5eb593559: DetachedLogEvent(LogSuccess(Total time: 0 s, completed 12.01.2017 20:59:36))
Sending msg to client play-fork-run-0e133483-f3bb-4835-bb2a-84f5eb593559: DetachedLogEvent(LogMessage(debug,> server-post-command-cleanup))
Sending msg to client play-fork-run-0e133483-f3bb-4835-bb2a-84f5eb593559: ExecutionSuccess(11)
Sending msg to client play-fork-run-0e133483-f3bb-4835-bb2a-84f5eb593559: DetachedLogEvent(LogMessage(debug,> server-handle-next-server-request))
Sending msg to client play-fork-run-0e133483-f3bb-4835-bb2a-84f5eb593559: BackgroundJobLogEvent(2,LogMessage(info,))
Sending msg to client play-fork-run-0e133483-f3bb-4835-bb2a-84f5eb593559: BackgroundJobLogEvent(2,LogMessage(info,--- (Running the application, auto-reloading is enabled) ---))
Sending msg to client play-fork-run-0e133483-f3bb-4835-bb2a-84f5eb593559: BackgroundJobLogEvent(2,LogMessage(info,))
Sending msg to client play-fork-run-0e133483-f3bb-4835-bb2a-84f5eb593559: BackgroundJobLogEvent(2,LogMessage(info,p.c.s.NettyServer - Listening for HTTP on /0:0:0:0:0:0:0:0:9000))
Sending msg to client play-fork-run-0e133483-f3bb-4835-bb2a-84f5eb593559: BackgroundJobLogEvent(2,LogMessage(info,))
Sending msg to client play-fork-run-0e133483-f3bb-4835-bb2a-84f5eb593559: BackgroundJobLogEvent(2,LogMessage(info,(Server started, use Ctrl+D to stop and go back to the console...)))
Sending msg to client play-fork-run-0e133483-f3bb-4835-bb2a-84f5eb593559: BackgroundJobLogEvent(2,LogMessage(info,))
Got request: ExecutionRequest(root/playForkNotifyStart http://localhost:9000)
Reading next message from client.
Sending msg to client play-fork-run-0e133483-f3bb-4835-bb2a-84f5eb593559: (8,ExecutionRequestReceived(12))
Sending msg to client play-fork-run-0e133483-f3bb-4835-bb2a-84f5eb593559: ExecutionWaiting(12,root/playForkNotifyStart http://localhost:9000,ClientInfo(0e133483-f3bb-4835-bb2a-84f5eb593559,play-fork-run,Play Fork Run,1,Vector()))
Sending msg to client play-fork-run-0e133483-f3bb-4835-bb2a-84f5eb593559: ExecutionStarting(12)
Sending msg to client play-fork-run-0e133483-f3bb-4835-bb2a-84f5eb593559: DetachedLogEvent(LogMessage(debug,> root/playForkNotifyStart http://localhost:9000))
Sending msg to client play-fork-run-0e133483-f3bb-4835-bb2a-84f5eb593559: DetachedLogEvent(LogMessage(debug,Evaluating tasks: *:playForkNotifyStart))
Sending msg to client play-fork-run-0e133483-f3bb-4835-bb2a-84f5eb593559: DetachedLogEvent(LogMessage(debug,Running task... Cancel: sbt.server.ServerTaskCancellation@4a36ad4c, check cycles: false))
Sending msg to client play-fork-run-0e133483-f3bb-4835-bb2a-84f5eb593559: DetachedLogEvent(LogMessage(debug,cancel strategy start enabled=true lastCommand=Some(LastCommand(CommandExecutionWork(ExecutionId(12),root/playForkNotifyStart http://localhost:9000,Set(LiveClient(play-fork-run 0e133483-f3bb-4835-bb2a-84f5eb593559)),sbt.server.WorkCancellationStatus$$anon$1@66bec575)))))
Sending msg to client play-fork-run-0e133483-f3bb-4835-bb2a-84f5eb593559: TaskStarted(12,1072,Some(AttributeKey[sbt.SendEventService]("sendEventService") in Scope(Global)))
Sending msg to client play-fork-run-0e133483-f3bb-4835-bb2a-84f5eb593559: TaskFinished(12,1072,Some(AttributeKey[sbt.SendEventService]("sendEventService") in Scope(Global)),true,None)
Sending msg to client play-fork-run-0e133483-f3bb-4835-bb2a-84f5eb593559: TaskStarted(12,1071,Some(AttributeKey[scala.Function1[java.lang.String,void]]("playForkStarted") in Scope(Build: file:/D:/Documents/Studium/Webtech/Webtechnologie_WS2016/, , Project: ProjectReference(file:/D:/Documents/Studium/Webtech/Webtechnologie_WS2016/,root))))
Sending msg to client play-fork-run-0e133483-f3bb-4835-bb2a-84f5eb593559: TaskFinished(12,1071,Some(AttributeKey[scala.Function1[java.lang.String,void]]("playForkStarted") in Scope(Build: file:/D:/Documents/Studium/Webtech/Webtechnologie_WS2016/, , Project: ProjectReference(file:/D:/Documents/Studium/Webtech/Webtechnologie_WS2016/,root))),true,None)
Sending msg to client play-fork-run-0e133483-f3bb-4835-bb2a-84f5eb593559: TaskStarted(12,1070,Some(AttributeKey[void]("playForkNotifyStart") in Scope(Build: file:/D:/Documents/Studium/Webtech/Webtechnologie_WS2016/, , Project: ProjectReference(file:/D:/Documents/Studium/Webtech/Webtechnologie_WS2016/,root))))
Sending msg to client play-fork-run-0e133483-f3bb-4835-bb2a-84f5eb593559: TaskEvent(1070,LazyValue(PlayServerStarted(http://localhost:9000),play.forkrun.protocol.Serializers$PlayForkrunProtocolPlayServerStartedPickler1$2$@13c31df6))
Sending msg to client play-fork-run-0e133483-f3bb-4835-bb2a-84f5eb593559: TaskFinished(12,1070,Some(AttributeKey[void]("playForkNotifyStart") in Scope(Build: file:/D:/Documents/Studium/Webtech/Webtechnologie_WS2016/, , Project: ProjectReference(file:/D:/Documents/Studium/Webtech/Webtechnologie_WS2016/,root))),true,None)
Sending msg to client play-fork-run-0e133483-f3bb-4835-bb2a-84f5eb593559: TaskStarted(12,1069,None)
Sending msg to client play-fork-run-0e133483-f3bb-4835-bb2a-84f5eb593559: TaskFinished(12,1069,None,true,None)
Sending msg to client play-fork-run-0e133483-f3bb-4835-bb2a-84f5eb593559: TaskStarted(12,1068,None)
Sending msg to client play-fork-run-0e133483-f3bb-4835-bb2a-84f5eb593559: TaskFinished(12,1068,None,true,None)
Sending msg to client play-fork-run-0e133483-f3bb-4835-bb2a-84f5eb593559: DetachedLogEvent(LogMessage(debug,cancel strategy finish enabled=false lastCommand=Some(LastCommand(CommandExecutionWork(ExecutionId(12),root/playForkNotifyStart http://localhost:9000,Set(LiveClient(play-fork-run 0e133483-f3bb-4835-bb2a-84f5eb593559)),sbt.server.WorkCancellationStatus$$anon$1@66bec575)))))
Sending msg to client play-fork-run-0e133483-f3bb-4835-bb2a-84f5eb593559: DetachedLogEvent(LogSuccess(Total time: 0 s, completed 12.01.2017 20:59:42))
Sending msg to client play-fork-run-0e133483-f3bb-4835-bb2a-84f5eb593559: DetachedLogEvent(LogMessage(debug,> server-post-command-cleanup))
Sending msg to client play-fork-run-0e133483-f3bb-4835-bb2a-84f5eb593559: ExecutionSuccess(12)
Sending msg to client play-fork-run-0e133483-f3bb-4835-bb2a-84f5eb593559: DetachedLogEvent(LogMessage(debug,> server-handle-next-server-request))
Sending msg to client play-fork-run-0e133483-f3bb-4835-bb2a-84f5eb593559: ExecutionWaiting(13,jobStop 2,ClientInfo(d63e4d9c-8296-471c-8dd8-a29b7fbd1d5b,activator,Activator,3,Vector()))
Sending msg to client play-fork-run-0e133483-f3bb-4835-bb2a-84f5eb593559: ExecutionStarting(13)
Sending msg to client play-fork-run-0e133483-f3bb-4835-bb2a-84f5eb593559: DetachedLogEvent(LogMessage(debug,> jobStop 2))
Sending msg to client play-fork-run-0e133483-f3bb-4835-bb2a-84f5eb593559: DetachedLogEvent(LogMessage(debug,Evaluating tasks: *:jobStop))
Sending msg to client play-fork-run-0e133483-f3bb-4835-bb2a-84f5eb593559: DetachedLogEvent(LogMessage(debug,Running task... Cancel: sbt.server.ServerTaskCancellation@285b58a9, check cycles: false))
Sending msg to client play-fork-run-0e133483-f3bb-4835-bb2a-84f5eb593559: DetachedLogEvent(LogMessage(debug,cancel strategy start enabled=true lastCommand=Some(LastCommand(CommandExecutionWork(ExecutionId(13),jobStop 2,Set(LiveClient(activator d63e4d9c-8296-471c-8dd8-a29b7fbd1d5b)),sbt.server.WorkCancellationStatus$$anon$1@a2f7580)))))
Sending msg to client play-fork-run-0e133483-f3bb-4835-bb2a-84f5eb593559: TaskStarted(13,1075,Some(AttributeKey[void]("jobStop") in Scope(Global)))
Sending msg to client play-fork-run-0e133483-f3bb-4835-bb2a-84f5eb593559: TaskFinished(13,1075,Some(AttributeKey[void]("jobStop") in Scope(Global)),true,None)
Sending msg to client play-fork-run-0e133483-f3bb-4835-bb2a-84f5eb593559: TaskStarted(13,1074,None)
Sending msg to client play-fork-run-0e133483-f3bb-4835-bb2a-84f5eb593559: TaskFinished(13,1074,None,true,None)
Sending msg to client play-fork-run-0e133483-f3bb-4835-bb2a-84f5eb593559: BackgroundJobLogEvent(2,LogMessage(info,Stopping Play fork run ...))
Sending msg to client play-fork-run-0e133483-f3bb-4835-bb2a-84f5eb593559: TaskStarted(13,1073,None)
Sending msg to client play-fork-run-0e133483-f3bb-4835-bb2a-84f5eb593559: TaskFinished(13,1073,None,true,None)
Sending msg to client play-fork-run-0e133483-f3bb-4835-bb2a-84f5eb593559: DetachedLogEvent(LogMessage(debug,cancel strategy finish enabled=false lastCommand=Some(LastCommand(CommandExecutionWork(ExecutionId(13),jobStop 2,Set(LiveClient(activator d63e4d9c-8296-471c-8dd8-a29b7fbd1d5b)),sbt.server.WorkCancellationStatus$$anon$1@a2f7580)))))
Sending msg to client play-fork-run-0e133483-f3bb-4835-bb2a-84f5eb593559: DetachedLogEvent(LogSuccess(Total time: 0 s, completed 12.01.2017 21:05:22))
Sending msg to client play-fork-run-0e133483-f3bb-4835-bb2a-84f5eb593559: DetachedLogEvent(LogMessage(debug,> server-post-command-cleanup))
Sending msg to client play-fork-run-0e133483-f3bb-4835-bb2a-84f5eb593559: ExecutionSuccess(13)
Sending msg to client play-fork-run-0e133483-f3bb-4835-bb2a-84f5eb593559: DetachedLogEvent(LogMessage(debug,> server-handle-next-server-request))
Sending msg to client play-fork-run-0e133483-f3bb-4835-bb2a-84f5eb593559: BackgroundJobLogEvent(2,LogMessage(info,p.c.s.NettyServer - Stopping server...))
Got request: UnlistenToEvents()
Reading next message from client.
Sending msg to client play-fork-run-0e133483-f3bb-4835-bb2a-84f5eb593559: (9,ReceivedResponse())
Got request: UnlistenToValue(AttributeKey[play.forkrun.protocol.ForkConfig]("playForkConfig") in Scope(Build: file:/D:/Documents/Studium/Webtech/Webtechnologie_WS2016/, , Project: ProjectReference(file:/D:/Documents/Studium/Webtech/Webtechnologie_WS2016/,root)))
Reading next message from client.
Client play-fork-run-0e133483-f3bb-4835-bb2a-84f5eb593559 EOF, shutting down.
Stopping client.
Client play-fork-run-0e133483-f3bb-4835-bb2a-84f5eb593559 thread exiting.
Dropping message (10,ReceivedResponse()) to dead client play-fork-run-0e133483-f3bb-4835-bb2a-84f5eb593559
Dropping message (0,ReceivedResponse()) to dead client play-fork-run-0e133483-f3bb-4835-bb2a-84f5eb593559
