New log file opened at Wed Dec 07 11:24:55 CET 2016 by 12372@DESKTOP-80HM3MF
Dropping message TaskStarted(87,9305,None) to dead client play-fork-run-7f484d02-decd-4289-9fc9-7415684b3950
Dropping message TaskStarted(87,9310,None) to dead client play-fork-run-7f484d02-decd-4289-9fc9-7415684b3950
Dropping message TaskStarted(87,9311,Some(AttributeKey[scala.collection.Seq[java.lang.String]]("scalacOptions") in Scope(Global))) to dead client play-fork-run-7f484d02-decd-4289-9fc9-7415684b3950
Dropping message TaskStarted(87,9323,Some(AttributeKey[scala.collection.Seq[java.io.File]]("sources") in Scope(Build: file:/D:/Documents/Studium/Webtech/Webtechnologie_WS2016/, , Project: ProjectReference(file:/D:/Documents/Studium/Webtech/Webtechnologie_WS2016/,root), Config: compile, Task: AttributeKey[scala.collection.Seq[java.io.File]]("playRoutes")))) to dead client play-fork-run-7f484d02-decd-4289-9fc9-7415684b3950
Dropping message TaskStarted(87,9324,None) to dead client play-fork-run-7f484d02-decd-4289-9fc9-7415684b3950
Dropping message TaskStarted(87,9327,None) to dead client play-fork-run-7f484d02-decd-4289-9fc9-7415684b3950
Dropping message TaskStarted(87,9329,Some(AttributeKey[scala.collection.Seq[scala.Function1[xsbti.Position,scala.Option[xsbti.Position]]]]("sourcePositionMappers") in Scope(Global))) to dead client play-fork-run-7f484d02-decd-4289-9fc9-7415684b3950
Dropping message TaskStarted(87,9332,None) to dead client play-fork-run-7f484d02-decd-4289-9fc9-7415684b3950
Dropping message TaskStarted(87,9333,Some(AttributeKey[scala.collection.Seq[java.lang.String]]("javacOptions") in Scope(Global))) to dead client play-fork-run-7f484d02-decd-4289-9fc9-7415684b3950
Dropping message TaskStarted(87,9335,Some(AttributeKey[sbt.SendEventService]("sendEventService") in Scope(Global))) to dead client play-fork-run-7f484d02-decd-4289-9fc9-7415684b3950
Dropping message TaskFinished(87,9238,None,true,None) to dead client play-fork-run-7f484d02-decd-4289-9fc9-7415684b3950
Dropping message TaskStarted(87,9237,None) to dead client play-fork-run-7f484d02-decd-4289-9fc9-7415684b3950
Dropping message TaskStarted(87,9243,None) to dead client play-fork-run-7f484d02-decd-4289-9fc9-7415684b3950
Dropping message TaskStarted(87,9253,None) to dead client play-fork-run-7f484d02-decd-4289-9fc9-7415684b3950
Dropping message TaskStarted(87,9259,None) to dead client play-fork-run-7f484d02-decd-4289-9fc9-7415684b3950
Dropping message TaskStarted(87,9261,None) to dead client play-fork-run-7f484d02-decd-4289-9fc9-7415684b3950
Dropping message TaskStarted(87,9268,None) to dead client play-fork-run-7f484d02-decd-4289-9fc9-7415684b3950
Dropping message TaskStarted(87,9277,None) to dead client play-fork-run-7f484d02-decd-4289-9fc9-7415684b3950
Dropping message TaskStarted(87,9279,None) to dead client play-fork-run-7f484d02-decd-4289-9fc9-7415684b3950
Dropping message TaskStarted(87,9282,None) to dead client play-fork-run-7f484d02-decd-4289-9fc9-7415684b3950
Dropping message TaskStarted(87,9284,None) to dead client play-fork-run-7f484d02-decd-4289-9fc9-7415684b3950
Dropping message TaskStarted(87,9287,None) to dead client play-fork-run-7f484d02-decd-4289-9fc9-7415684b3950
Dropping message TaskStarted(87,9293,None) to dead client play-fork-run-7f484d02-decd-4289-9fc9-7415684b3950
Dropping message TaskStarted(87,9300,None) to dead client play-fork-run-7f484d02-decd-4289-9fc9-7415684b3950
Dropping message TaskStarted(87,9303,None) to dead client play-fork-run-7f484d02-decd-4289-9fc9-7415684b3950
Dropping message TaskStarted(87,9306,None) to dead client play-fork-run-7f484d02-decd-4289-9fc9-7415684b3950
Dropping message TaskStarted(87,9318,None) to dead client play-fork-run-7f484d02-decd-4289-9fc9-7415684b3950
Dropping message TaskStarted(87,9325,None) to dead client play-fork-run-7f484d02-decd-4289-9fc9-7415684b3950
Dropping message TaskStarted(87,9336,None) to dead client play-fork-run-7f484d02-decd-4289-9fc9-7415684b3950
Dropping message TaskStarted(87,9338,None) to dead client play-fork-run-7f484d02-decd-4289-9fc9-7415684b3950
Dropping message TaskFinished(87,9251,None,true,None) to dead client play-fork-run-7f484d02-decd-4289-9fc9-7415684b3950
Dropping message TaskStarted(87,9250,Some(AttributeKey[sbt.BuildStructure]("buildStructure") in Scope(Global))) to dead client play-fork-run-7f484d02-decd-4289-9fc9-7415684b3950
Dropping message TaskStarted(87,9270,Some(AttributeKey[java.io.File]("dependencyCacheDirectory") in Scope(Build: file:/D:/Documents/Studium/Webtech/Webtechnologie_WS2016/, , Project: ProjectReference(file:/D:/Documents/Studium/Webtech/Webtechnologie_WS2016/,root)))) to dead client play-fork-run-7f484d02-decd-4289-9fc9-7415684b3950
Dropping message TaskStarted(87,9289,Some(AttributeKey[xsbti.compile.GlobalsCache]("compilerCache") in Scope(Global))) to dead client play-fork-run-7f484d02-decd-4289-9fc9-7415684b3950
Dropping message TaskFinished(87,9256,Some(AttributeKey[scala.Option[scala.collection.Seq[sbt.Resolver]]]("bootResolvers") in Scope(Build: file:/D:/Documents/Studium/Webtech/Webtechnologie_WS2016/, , Project: ProjectReference(file:/D:/Documents/Studium/Webtech/Webtechnologie_WS2016/,root))),true,None) to dead client play-fork-run-7f484d02-decd-4289-9fc9-7415684b3950
Dropping message TaskFinished(87,9260,Some(AttributeKey[scala.collection.Seq[sbt.Resolver]]("externalResolvers") in Scope(Build: file:/D:/Documents/Studium/Webtech/Webtechnologie_WS2016/, , Project: ProjectReference(file:/D:/Documents/Studium/Webtech/Webtechnologie_WS2016/,root))),true,None) to dead client play-fork-run-7f484d02-decd-4289-9fc9-7415684b3950
Dropping message TaskFinished(87,9262,Some(AttributeKey[scala.collection.Seq[sbt.Credentials]]("credentials") in Scope(Global)),true,None) to dead client play-fork-run-7f484d02-decd-4289-9fc9-7415684b3950
Dropping message TaskFinished(87,9264,None,true,None) to dead client play-fork-run-7f484d02-decd-4289-9fc9-7415684b3950
Dropping message TaskFinished(87,9265,None,true,None) to dead client play-fork-run-7f484d02-decd-4289-9fc9-7415684b3950
Dropping message TaskStarted(87,9263,Some(AttributeKey[scala.collection.Seq[sbt.UpdateReport]]("transitiveUpdate") in Scope(Build: file:/D:/Documents/Studium/Webtech/Webtechnologie_WS2016/, , Project: ProjectReference(file:/D:/Documents/Studium/Webtech/Webtechnologie_WS2016/,root)))) to dead client play-fork-run-7f484d02-decd-4289-9fc9-7415684b3950
Dropping message TaskFinished(87,9269,Some(AttributeKey[java.lang.String]("updateCacheName") in Scope(Build: file:/D:/Documents/Studium/Webtech/Webtechnologie_WS2016/, , Project: ProjectReference(file:/D:/Documents/Studium/Webtech/Webtechnologie_WS2016/,root))),true,None) to dead client play-fork-run-7f484d02-decd-4289-9fc9-7415684b3950
Dropping message TaskFinished(87,9271,Some(AttributeKey[boolean]("skip") in Scope(Global)),true,None) to dead client play-fork-run-7f484d02-decd-4289-9fc9-7415684b3950
Dropping message TaskFinished(87,9273,None,true,None) to dead client play-fork-run-7f484d02-decd-4289-9fc9-7415684b3950
Dropping message TaskFinished(87,9274,None,true,None) to dead client play-fork-run-7f484d02-decd-4289-9fc9-7415684b3950
Dropping message TaskFinished(87,9276,None,true,None) to dead client play-fork-run-7f484d02-decd-4289-9fc9-7415684b3950
Dropping message TaskFinished(87,9286,Some(AttributeKey[sbt.inc.IncOptions]("incOptions") in Scope(Global)),true,None) to dead client play-fork-run-7f484d02-decd-4289-9fc9-7415684b3950
Dropping message TaskStarted(87,9285,Some(AttributeKey[sbt.inc.IncOptions]("incOptions") in Scope(Build: file:/D:/Documents/Studium/Webtech/Webtechnologie_WS2016/, , Project: ProjectReference(file:/D:/Documents/Studium/Webtech/Webtechnologie_WS2016/,root)))) to dead client play-fork-run-7f484d02-decd-4289-9fc9-7415684b3950
Dropping message TaskFinished(87,9288,Some(AttributeKey[java.lang.String]("compileAnalysisFilename") in Scope(Build: file:/D:/Documents/Studium/Webtech/Webtechnologie_WS2016/, , Project: ProjectReference(file:/D:/Documents/Studium/Webtech/Webtechnologie_WS2016/,root), Config: compile)),true,None) to dead client play-fork-run-7f484d02-decd-4289-9fc9-7415684b3950
Dropping message TaskFinished(87,9290,Some(AttributeKey[scala.Function1[java.io.File,scala.Function1[java.lang.String,boolean]]]("definesClass") in Scope(Global)),true,None) to dead client play-fork-run-7f484d02-decd-4289-9fc9-7415684b3950
Dropping message TaskFinished(87,9305,None,true,None) to dead client play-fork-run-7f484d02-decd-4289-9fc9-7415684b3950
Dropping message TaskFinished(87,9310,None,true,None) to dead client play-fork-run-7f484d02-decd-4289-9fc9-7415684b3950
Dropping message TaskFinished(87,9311,Some(AttributeKey[scala.collection.Seq[java.lang.String]]("scalacOptions") in Scope(Global)),true,None) to dead client play-fork-run-7f484d02-decd-4289-9fc9-7415684b3950
Dropping message TaskStarted(87,9309,Some(AttributeKey[scala.collection.Seq[java.lang.String]]("scalacOptions") in Scope(Build: file:/D:/Documents/Studium/Webtech/Webtechnologie_WS2016/, , Project: ProjectReference(file:/D:/Documents/Studium/Webtech/Webtechnologie_WS2016/,root)))) to dead client play-fork-run-7f484d02-decd-4289-9fc9-7415684b3950
Dropping message TaskFinished(87,9323,Some(AttributeKey[scala.collection.Seq[java.io.File]]("sources") in Scope(Build: file:/D:/Documents/Studium/Webtech/Webtechnologie_WS2016/, , Project: ProjectReference(file:/D:/Documents/Studium/Webtech/Webtechnologie_WS2016/,root), Config: compile, Task: AttributeKey[scala.collection.Seq[java.io.File]]("playRoutes"))),true,None) to dead client play-fork-run-7f484d02-decd-4289-9fc9-7415684b3950
Dropping message TaskFinished(87,9324,None,true,None) to dead client play-fork-run-7f484d02-decd-4289-9fc9-7415684b3950
Dropping message TaskStarted(87,9322,Some(AttributeKey[scala.collection.Seq[java.io.File]]("sources") in Scope(Build: file:/D:/Documents/Studium/Webtech/Webtechnologie_WS2016/, , Project: ProjectReference(file:/D:/Documents/Studium/Webtech/Webtechnologie_WS2016/,root), Config: compile, Task: AttributeKey[scala.collection.Seq[java.io.File]]("playRoutes")))) to dead client play-fork-run-7f484d02-decd-4289-9fc9-7415684b3950
Dropping message TaskFinished(87,9327,None,true,None) to dead client play-fork-run-7f484d02-decd-4289-9fc9-7415684b3950
Dropping message TaskFinished(87,9329,Some(AttributeKey[scala.collection.Seq[scala.Function1[xsbti.Position,scala.Option[xsbti.Position]]]]("sourcePositionMappers") in Scope(Global)),true,None) to dead client play-fork-run-7f484d02-decd-4289-9fc9-7415684b3950
Dropping message TaskFinished(87,9332,None,true,None) to dead client play-fork-run-7f484d02-decd-4289-9fc9-7415684b3950
Dropping message TaskFinished(87,9333,Some(AttributeKey[scala.collection.Seq[java.lang.String]]("javacOptions") in Scope(Global)),true,None) to dead client play-fork-run-7f484d02-decd-4289-9fc9-7415684b3950
Dropping message TaskStarted(87,9331,Some(AttributeKey[scala.collection.Seq[java.lang.String]]("javacOptions") in Scope(Build: file:/D:/Documents/Studium/Webtech/Webtechnologie_WS2016/, , Project: ProjectReference(file:/D:/Documents/Studium/Webtech/Webtechnologie_WS2016/,root), Config: compile))) to dead client play-fork-run-7f484d02-decd-4289-9fc9-7415684b3950
Dropping message TaskFinished(87,9335,Some(AttributeKey[sbt.SendEventService]("sendEventService") in Scope(Global)),true,None) to dead client play-fork-run-7f484d02-decd-4289-9fc9-7415684b3950
Dropping message TaskFinished(87,9237,None,true,None) to dead client play-fork-run-7f484d02-decd-4289-9fc9-7415684b3950
Dropping message TaskFinished(87,9243,None,true,None) to dead client play-fork-run-7f484d02-decd-4289-9fc9-7415684b3950
Dropping message TaskFinished(87,9253,None,true,None) to dead client play-fork-run-7f484d02-decd-4289-9fc9-7415684b3950
Dropping message TaskFinished(87,9259,None,true,None) to dead client play-fork-run-7f484d02-decd-4289-9fc9-7415684b3950
Dropping message TaskFinished(87,9261,None,true,None) to dead client play-fork-run-7f484d02-decd-4289-9fc9-7415684b3950
Dropping message TaskFinished(87,9268,None,true,None) to dead client play-fork-run-7f484d02-decd-4289-9fc9-7415684b3950
Dropping message TaskStarted(87,9267,Some(AttributeKey[scala.collection.immutable.Map[sbt.ModuleID,sbt.SourcePosition]]("dependencyPositions") in Scope(Build: file:/D:/Documents/Studium/Webtech/Webtechnologie_WS2016/, , Project: ProjectReference(file:/D:/Documents/Studium/Webtech/Webtechnologie_WS2016/,root)))) to dead client play-fork-run-7f484d02-decd-4289-9fc9-7415684b3950
Dropping message TaskFinished(87,9277,None,true,None) to dead client play-fork-run-7f484d02-decd-4289-9fc9-7415684b3950
Dropping message TaskFinished(87,9279,None,true,None) to dead client play-fork-run-7f484d02-decd-4289-9fc9-7415684b3950
Dropping message TaskFinished(87,9282,None,true,None) to dead client play-fork-run-7f484d02-decd-4289-9fc9-7415684b3950
Dropping message TaskFinished(87,9284,None,true,None) to dead client play-fork-run-7f484d02-decd-4289-9fc9-7415684b3950
Dropping message TaskFinished(87,9287,None,true,None) to dead client play-fork-run-7f484d02-decd-4289-9fc9-7415684b3950
Dropping message TaskFinished(87,9293,None,true,None) to dead client play-fork-run-7f484d02-decd-4289-9fc9-7415684b3950
Dropping message TaskFinished(87,9300,None,true,None) to dead client play-fork-run-7f484d02-decd-4289-9fc9-7415684b3950
Dropping message TaskFinished(87,9303,None,true,None) to dead client play-fork-run-7f484d02-decd-4289-9fc9-7415684b3950
Dropping message TaskFinished(87,9306,None,true,None) to dead client play-fork-run-7f484d02-decd-4289-9fc9-7415684b3950
Dropping message TaskFinished(87,9318,None,true,None) to dead client play-fork-run-7f484d02-decd-4289-9fc9-7415684b3950
Dropping message TaskFinished(87,9325,None,true,None) to dead client play-fork-run-7f484d02-decd-4289-9fc9-7415684b3950
Dropping message TaskFinished(87,9336,None,true,None) to dead client play-fork-run-7f484d02-decd-4289-9fc9-7415684b3950
Dropping message TaskFinished(87,9338,None,true,None) to dead client play-fork-run-7f484d02-decd-4289-9fc9-7415684b3950
Dropping message TaskFinished(87,9250,Some(AttributeKey[sbt.BuildStructure]("buildStructure") in Scope(Global)),true,None) to dead client play-fork-run-7f484d02-decd-4289-9fc9-7415684b3950
Dropping message TaskStarted(87,9249,Some(AttributeKey[sbt.Settings[sbt.Scope]]("settingsData") in Scope(Global))) to dead client play-fork-run-7f484d02-decd-4289-9fc9-7415684b3950
Dropping message TaskFinished(87,9289,Some(AttributeKey[xsbti.compile.GlobalsCache]("compilerCache") in Scope(Global)),true,None) to dead client play-fork-run-7f484d02-decd-4289-9fc9-7415684b3950
Dropping message TaskFinished(87,9270,Some(AttributeKey[java.io.File]("dependencyCacheDirectory") in Scope(Build: file:/D:/Documents/Studium/Webtech/Webtechnologie_WS2016/, , Project: ProjectReference(file:/D:/Documents/Studium/Webtech/Webtechnologie_WS2016/,root))),true,None) to dead client play-fork-run-7f484d02-decd-4289-9fc9-7415684b3950
Dropping message TaskFinished(87,9263,Some(AttributeKey[scala.collection.Seq[sbt.UpdateReport]]("transitiveUpdate") in Scope(Build: file:/D:/Documents/Studium/Webtech/Webtechnologie_WS2016/, , Project: ProjectReference(file:/D:/Documents/Studium/Webtech/Webtechnologie_WS2016/,root))),true,None) to dead client play-fork-run-7f484d02-decd-4289-9fc9-7415684b3950
Dropping message TaskFinished(87,9285,Some(AttributeKey[sbt.inc.IncOptions]("incOptions") in Scope(Build: file:/D:/Documents/Studium/Webtech/Webtechnologie_WS2016/, , Project: ProjectReference(file:/D:/Documents/Studium/Webtech/Webtechnologie_WS2016/,root))),true,None) to dead client play-fork-run-7f484d02-decd-4289-9fc9-7415684b3950
Dropping message TaskFinished(87,9296,Some(AttributeKey[scala.collection.Seq[java.io.File]]("unmanagedSources") in Scope(Build: file:/D:/Documents/Studium/Webtech/Webtechnologie_WS2016/, , Project: ProjectReference(file:/D:/Documents/Studium/Webtech/Webtechnologie_WS2016/,root), Config: compile)),true,None) to dead client play-fork-run-7f484d02-decd-4289-9fc9-7415684b3950
Dropping message TaskStarted(87,9295,Some(AttributeKey[scala.collection.Seq[java.io.File]]("unmanagedSources") in Scope(Build: file:/D:/Documents/Studium/Webtech/Webtechnologie_WS2016/, , Project: ProjectReference(file:/D:/Documents/Studium/Webtech/Webtechnologie_WS2016/,root), Config: compile))) to dead client play-fork-run-7f484d02-decd-4289-9fc9-7415684b3950
Dropping message TaskFinished(87,9309,Some(AttributeKey[scala.collection.Seq[java.lang.String]]("scalacOptions") in Scope(Build: file:/D:/Documents/Studium/Webtech/Webtechnologie_WS2016/, , Project: ProjectReference(file:/D:/Documents/Studium/Webtech/Webtechnologie_WS2016/,root))),true,None) to dead client play-fork-run-7f484d02-decd-4289-9fc9-7415684b3950
Dropping message TaskStarted(87,9317,Some(AttributeKey[java.lang.String]("twirlSourceEncoding") in Scope(Build: file:/D:/Documents/Studium/Webtech/Webtechnologie_WS2016/, , Project: ProjectReference(file:/D:/Documents/Studium/Webtech/Webtechnologie_WS2016/,root)))) to dead client play-fork-run-7f484d02-decd-4289-9fc9-7415684b3950
Dropping message TaskFinished(87,9322,Some(AttributeKey[scala.collection.Seq[java.io.File]]("sources") in Scope(Build: file:/D:/Documents/Studium/Webtech/Webtechnologie_WS2016/, , Project: ProjectReference(file:/D:/Documents/Studium/Webtech/Webtechnologie_WS2016/,root), Config: compile, Task: AttributeKey[scala.collection.Seq[java.io.File]]("playRoutes"))),true,None) to dead client play-fork-run-7f484d02-decd-4289-9fc9-7415684b3950
Dropping message TaskStarted(87,9321,None) to dead client play-fork-run-7f484d02-decd-4289-9fc9-7415684b3950
Dropping message TaskFinished(87,9331,Some(AttributeKey[scala.collection.Seq[java.lang.String]]("javacOptions") in Scope(Build: file:/D:/Documents/Studium/Webtech/Webtechnologie_WS2016/, , Project: ProjectReference(file:/D:/Documents/Studium/Webtech/Webtechnologie_WS2016/,root), Config: compile)),true,None) to dead client play-fork-run-7f484d02-decd-4289-9fc9-7415684b3950
Dropping message TaskFinished(87,9249,Some(AttributeKey[sbt.Settings[sbt.Scope]]("settingsData") in Scope(Global)),true,None) to dead client play-fork-run-7f484d02-decd-4289-9fc9-7415684b3950
Dropping message TaskStarted(87,9248,Some(AttributeKey[scala.collection.Seq[sbt.ModuleID]]("projectDependencies") in Scope(Build: file:/D:/Documents/Studium/Webtech/Webtechnologie_WS2016/, , Project: ProjectReference(file:/D:/Documents/Studium/Webtech/Webtechnologie_WS2016/,root)))) to dead client play-fork-run-7f484d02-decd-4289-9fc9-7415684b3950
Dropping message TaskStarted(87,9258,Some(AttributeKey[scala.collection.immutable.Map[org.apache.ivy.core.module.id.ModuleRevisionId,org.apache.ivy.core.module.descriptor.ModuleDescriptor]]("projectDescriptors") in Scope(Build: file:/D:/Documents/Studium/Webtech/Webtechnologie_WS2016/, , Project: ProjectReference(file:/D:/Documents/Studium/Webtech/Webtechnologie_WS2016/,root)))) to dead client play-fork-run-7f484d02-decd-4289-9fc9-7415684b3950
Dropping message TaskStarted(87,9272,None) to dead client play-fork-run-7f484d02-decd-4289-9fc9-7415684b3950
Dropping message TaskStarted(87,9280,None) to dead client play-fork-run-7f484d02-decd-4289-9fc9-7415684b3950
Dropping message TaskStarted(87,9304,Some(AttributeKey[sbt.ScalaInstance]("scalaInstance") in Scope(Build: file:/D:/Documents/Studium/Webtech/Webtechnologie_WS2016/, , Project: ProjectReference(file:/D:/Documents/Studium/Webtech/Webtechnologie_WS2016/,root)))) to dead client play-fork-run-7f484d02-decd-4289-9fc9-7415684b3950
Dropping message TaskStarted(87,9308,None) to dead client play-fork-run-7f484d02-decd-4289-9fc9-7415684b3950
Dropping message TaskFinished(87,9295,Some(AttributeKey[scala.collection.Seq[java.io.File]]("unmanagedSources") in Scope(Build: file:/D:/Documents/Studium/Webtech/Webtechnologie_WS2016/, , Project: ProjectReference(file:/D:/Documents/Studium/Webtech/Webtechnologie_WS2016/,root), Config: compile)),true,None) to dead client play-fork-run-7f484d02-decd-4289-9fc9-7415684b3950
Dropping message TaskStarted(87,9294,Some(AttributeKey[scala.collection.Seq[java.io.File]]("sources") in Scope(Build: file:/D:/Documents/Studium/Webtech/Webtechnologie_WS2016/, , Project: ProjectReference(file:/D:/Documents/Studium/Webtech/Webtechnologie_WS2016/,root), Config: compile, Task: AttributeKey[scala.Function1[sbt.compiler.IC$Result,sbt.compiler.IC$Result]]("playEnhancerGenerateAccessors")))) to dead client play-fork-run-7f484d02-decd-4289-9fc9-7415684b3950
Dropping message TaskFinished(87,9317,Some(AttributeKey[java.lang.String]("twirlSourceEncoding") in Scope(Build: file:/D:/Documents/Studium/Webtech/Webtechnologie_WS2016/, , Project: ProjectReference(file:/D:/Documents/Studium/Webtech/Webtechnologie_WS2016/,root))),true,None) to dead client play-fork-run-7f484d02-decd-4289-9fc9-7415684b3950
Dropping message TaskStarted(87,9316,None) to dead client play-fork-run-7f484d02-decd-4289-9fc9-7415684b3950
Dropping message TaskStarted(87,9330,None) to dead client play-fork-run-7f484d02-decd-4289-9fc9-7415684b3950
Dropping message TaskFinished(87,9321,None,true,None) to dead client play-fork-run-7f484d02-decd-4289-9fc9-7415684b3950
Dropping message TaskStarted(87,9320,Some(AttributeKey[scala.collection.Seq[play.routes.compiler.RoutesCompiler$RoutesCompilerTask]]("playRoutesTasks") in Scope(Build: file:/D:/Documents/Studium/Webtech/Webtechnologie_WS2016/, , Project: ProjectReference(file:/D:/Documents/Studium/Webtech/Webtechnologie_WS2016/,root), Config: compile))) to dead client play-fork-run-7f484d02-decd-4289-9fc9-7415684b3950
Dropping message TaskFinished(87,9248,Some(AttributeKey[scala.collection.Seq[sbt.ModuleID]]("projectDependencies") in Scope(Build: file:/D:/Documents/Studium/Webtech/Webtechnologie_WS2016/, , Project: ProjectReference(file:/D:/Documents/Studium/Webtech/Webtechnologie_WS2016/,root))),true,None) to dead client play-fork-run-7f484d02-decd-4289-9fc9-7415684b3950
Dropping message TaskStarted(87,9247,Some(AttributeKey[scala.collection.Seq[sbt.ModuleID]]("allDependencies") in Scope(Build: file:/D:/Documents/Studium/Webtech/Webtechnologie_WS2016/, , Project: ProjectReference(file:/D:/Documents/Studium/Webtech/Webtechnologie_WS2016/,root)))) to dead client play-fork-run-7f484d02-decd-4289-9fc9-7415684b3950
Dropping message TaskStarted(87,9340,None) to dead client play-fork-run-7f484d02-decd-4289-9fc9-7415684b3950
Dropping message TaskStarted(87,9342,None) to dead client play-fork-run-7f484d02-decd-4289-9fc9-7415684b3950
Dropping message TaskFinished(87,9294,Some(AttributeKey[scala.collection.Seq[java.io.File]]("sources") in Scope(Build: file:/D:/Documents/Studium/Webtech/Webtechnologie_WS2016/, , Project: ProjectReference(file:/D:/Documents/Studium/Webtech/Webtechnologie_WS2016/,root), Config: compile, Task: AttributeKey[scala.Function1[sbt.compiler.IC$Result,sbt.compiler.IC$Result]]("playEnhancerGenerateAccessors"))),true,None) to dead client play-fork-run-7f484d02-decd-4289-9fc9-7415684b3950
Dropping message TaskStarted(87,9343,None) to dead client play-fork-run-7f484d02-decd-4289-9fc9-7415684b3950
Dropping message TaskFinished(87,9330,None,true,None) to dead client play-fork-run-7f484d02-decd-4289-9fc9-7415684b3950
Dropping message TaskStarted(87,9328,Some(AttributeKey[scala.collection.Seq[scala.Function1[xsbti.Position,scala.Option[xsbti.Position]]]]("sourcePositionMappers") in Scope(Build: file:/D:/Documents/Studium/Webtech/Webtechnologie_WS2016/, , Project: ProjectReference(file:/D:/Documents/Studium/Webtech/Webtechnologie_WS2016/,root)))) to dead client play-fork-run-7f484d02-decd-4289-9fc9-7415684b3950
Dropping message TaskStarted(87,9345,None) to dead client play-fork-run-7f484d02-decd-4289-9fc9-7415684b3950
Dropping message TaskFinished(87,9247,Some(AttributeKey[scala.collection.Seq[sbt.ModuleID]]("allDependencies") in Scope(Build: file:/D:/Documents/Studium/Webtech/Webtechnologie_WS2016/, , Project: ProjectReference(file:/D:/Documents/Studium/Webtech/Webtechnologie_WS2016/,root))),true,None) to dead client play-fork-run-7f484d02-decd-4289-9fc9-7415684b3950
Dropping message TaskStarted(87,9246,Some(AttributeKey[sbt.ModuleSettings]("moduleSettings") in Scope(Build: file:/D:/Documents/Studium/Webtech/Webtechnologie_WS2016/, , Project: ProjectReference(file:/D:/Documents/Studium/Webtech/Webtechnologie_WS2016/,root)))) to dead client play-fork-run-7f484d02-decd-4289-9fc9-7415684b3950
Dropping message TaskFinished(87,9340,None,true,None) to dead client play-fork-run-7f484d02-decd-4289-9fc9-7415684b3950
Dropping message TaskStarted(87,9339,None) to dead client play-fork-run-7f484d02-decd-4289-9fc9-7415684b3950
Dropping message TaskFinished(87,9342,None,true,None) to dead client play-fork-run-7f484d02-decd-4289-9fc9-7415684b3950
Dropping message TaskStarted(87,9341,None) to dead client play-fork-run-7f484d02-decd-4289-9fc9-7415684b3950
Dropping message TaskFinished(87,9343,None,true,None) to dead client play-fork-run-7f484d02-decd-4289-9fc9-7415684b3950
Dropping message TaskFinished(87,9272,None,true,None) to dead client play-fork-run-7f484d02-decd-4289-9fc9-7415684b3950
Dropping message TaskFinished(87,9328,Some(AttributeKey[scala.collection.Seq[scala.Function1[xsbti.Position,scala.Option[xsbti.Position]]]]("sourcePositionMappers") in Scope(Build: file:/D:/Documents/Studium/Webtech/Webtechnologie_WS2016/, , Project: ProjectReference(file:/D:/Documents/Studium/Webtech/Webtechnologie_WS2016/,root))),true,None) to dead client play-fork-run-7f484d02-decd-4289-9fc9-7415684b3950
Dropping message TaskStarted(87,9326,Some(AttributeKey[scala.collection.Seq[scala.Function1[xsbti.Position,scala.Option[xsbti.Position]]]]("sourcePositionMappers") in Scope(Build: file:/D:/Documents/Studium/Webtech/Webtechnologie_WS2016/, , Project: ProjectReference(file:/D:/Documents/Studium/Webtech/Webtechnologie_WS2016/,root)))) to dead client play-fork-run-7f484d02-decd-4289-9fc9-7415684b3950
Dropping message TaskFinished(87,9345,None,true,None) to dead client play-fork-run-7f484d02-decd-4289-9fc9-7415684b3950
Dropping message TaskStarted(87,9344,None) to dead client play-fork-run-7f484d02-decd-4289-9fc9-7415684b3950
Dropping message TaskFinished(87,9246,Some(AttributeKey[sbt.ModuleSettings]("moduleSettings") in Scope(Build: file:/D:/Documents/Studium/Webtech/Webtechnologie_WS2016/, , Project: ProjectReference(file:/D:/Documents/Studium/Webtech/Webtechnologie_WS2016/,root))),true,None) to dead client play-fork-run-7f484d02-decd-4289-9fc9-7415684b3950
Dropping message TaskFinished(87,9344,None,true,None) to dead client play-fork-run-7f484d02-decd-4289-9fc9-7415684b3950
Dropping message TaskFinished(87,9320,Some(AttributeKey[scala.collection.Seq[play.routes.compiler.RoutesCompiler$RoutesCompilerTask]]("playRoutesTasks") in Scope(Build: file:/D:/Documents/Studium/Webtech/Webtechnologie_WS2016/, , Project: ProjectReference(file:/D:/Documents/Studium/Webtech/Webtechnologie_WS2016/,root), Config: compile)),true,None) to dead client play-fork-run-7f484d02-decd-4289-9fc9-7415684b3950
Dropping message TaskStarted(87,9319,Some(AttributeKey[scala.collection.Seq[java.io.File]]("playRoutes") in Scope(Build: file:/D:/Documents/Studium/Webtech/Webtechnologie_WS2016/, , Project: ProjectReference(file:/D:/Documents/Studium/Webtech/Webtechnologie_WS2016/,root), Config: compile))) to dead client play-fork-run-7f484d02-decd-4289-9fc9-7415684b3950
Dropping message TaskFinished(87,9267,Some(AttributeKey[scala.collection.immutable.Map[sbt.ModuleID,sbt.SourcePosition]]("dependencyPositions") in Scope(Build: file:/D:/Documents/Studium/Webtech/Webtechnologie_WS2016/, , Project: ProjectReference(file:/D:/Documents/Studium/Webtech/Webtechnologie_WS2016/,root))),true,None) to dead client play-fork-run-7f484d02-decd-4289-9fc9-7415684b3950
Dropping message TaskStarted(87,9266,Some(AttributeKey[sbt.UnresolvedWarningConfiguration]("unresolvedWarningConfiguration") in Scope(Build: file:/D:/Documents/Studium/Webtech/Webtechnologie_WS2016/, , Project: ProjectReference(file:/D:/Documents/Studium/Webtech/Webtechnologie_WS2016/,root), Task: AttributeKey[sbt.UpdateReport]("update")))) to dead client play-fork-run-7f484d02-decd-4289-9fc9-7415684b3950
Dropping message TaskFinished(87,9266,Some(AttributeKey[sbt.UnresolvedWarningConfiguration]("unresolvedWarningConfiguration") in Scope(Build: file:/D:/Documents/Studium/Webtech/Webtechnologie_WS2016/, , Project: ProjectReference(file:/D:/Documents/Studium/Webtech/Webtechnologie_WS2016/,root), Task: AttributeKey[sbt.UpdateReport]("update"))),true,None) to dead client play-fork-run-7f484d02-decd-4289-9fc9-7415684b3950
Dropping message TaskStarted(87,9350,None) to dead client play-fork-run-7f484d02-decd-4289-9fc9-7415684b3950
Dropping message TaskStarted(87,9351,None) to dead client play-fork-run-7f484d02-decd-4289-9fc9-7415684b3950
Dropping message TaskStarted(87,9353,None) to dead client play-fork-run-7f484d02-decd-4289-9fc9-7415684b3950
Dropping message TaskFinished(87,9350,None,true,None) to dead client play-fork-run-7f484d02-decd-4289-9fc9-7415684b3950
Dropping message TaskFinished(87,9351,None,true,None) to dead client play-fork-run-7f484d02-decd-4289-9fc9-7415684b3950
Dropping message TaskStarted(87,9349,Some(AttributeKey[scala.collection.Seq[sbt.Attributed[java.io.File]]]("unmanagedJars") in Scope(Build: file:/D:/Documents/Studium/Webtech/Webtechnologie_WS2016/, , Project: ProjectReference(file:/D:/Documents/Studium/Webtech/Webtechnologie_WS2016/,root), Config: compile))) to dead client play-fork-run-7f484d02-decd-4289-9fc9-7415684b3950
Dropping message TaskFinished(87,9319,Some(AttributeKey[scala.collection.Seq[java.io.File]]("playRoutes") in Scope(Build: file:/D:/Documents/Studium/Webtech/Webtechnologie_WS2016/, , Project: ProjectReference(file:/D:/Documents/Studium/Webtech/Webtechnologie_WS2016/,root), Config: compile)),true,None) to dead client play-fork-run-7f484d02-decd-4289-9fc9-7415684b3950
Dropping message TaskFinished(87,9326,Some(AttributeKey[scala.collection.Seq[scala.Function1[xsbti.Position,scala.Option[xsbti.Position]]]]("sourcePositionMappers") in Scope(Build: file:/D:/Documents/Studium/Webtech/Webtechnologie_WS2016/, , Project: ProjectReference(file:/D:/Documents/Studium/Webtech/Webtechnologie_WS2016/,root))),true,None) to dead client play-fork-run-7f484d02-decd-4289-9fc9-7415684b3950
Dropping message TaskFinished(87,9339,None,true,None) to dead client play-fork-run-7f484d02-decd-4289-9fc9-7415684b3950
Dropping message TaskFinished(87,9258,Some(AttributeKey[scala.collection.immutable.Map[org.apache.ivy.core.module.id.ModuleRevisionId,org.apache.ivy.core.module.descriptor.ModuleDescriptor]]("projectDescriptors") in Scope(Build: file:/D:/Documents/Studium/Webtech/Webtechnologie_WS2016/, , Project: ProjectReference(file:/D:/Documents/Studium/Webtech/Webtechnologie_WS2016/,root))),true,None) to dead client play-fork-run-7f484d02-decd-4289-9fc9-7415684b3950
Dropping message TaskStarted(87,9257,Some(AttributeKey[sbt.Resolver]("projectResolver") in Scope(Build: file:/D:/Documents/Studium/Webtech/Webtechnologie_WS2016/, , Project: ProjectReference(file:/D:/Documents/Studium/Webtech/Webtechnologie_WS2016/,root)))) to dead client play-fork-run-7f484d02-decd-4289-9fc9-7415684b3950
Dropping message TaskFinished(87,9316,None,true,None) to dead client play-fork-run-7f484d02-decd-4289-9fc9-7415684b3950
Dropping message TaskStarted(87,9315,Some(AttributeKey[scala.collection.Seq[java.io.File]]("twirlCompileTemplates") in Scope(Build: file:/D:/Documents/Studium/Webtech/Webtechnologie_WS2016/, , Project: ProjectReference(file:/D:/Documents/Studium/Webtech/Webtechnologie_WS2016/,root), Config: compile))) to dead client play-fork-run-7f484d02-decd-4289-9fc9-7415684b3950
Dropping message TaskFinished(87,9257,Some(AttributeKey[sbt.Resolver]("projectResolver") in Scope(Build: file:/D:/Documents/Studium/Webtech/Webtechnologie_WS2016/, , Project: ProjectReference(file:/D:/Documents/Studium/Webtech/Webtechnologie_WS2016/,root))),true,None) to dead client play-fork-run-7f484d02-decd-4289-9fc9-7415684b3950
Dropping message TaskStarted(87,9255,Some(AttributeKey[scala.collection.Seq[sbt.Resolver]]("fullResolvers") in Scope(Build: file:/D:/Documents/Studium/Webtech/Webtechnologie_WS2016/, , Project: ProjectReference(file:/D:/Documents/Studium/Webtech/Webtechnologie_WS2016/,root)))) to dead client play-fork-run-7f484d02-decd-4289-9fc9-7415684b3950
Dropping message TaskFinished(87,9315,Some(AttributeKey[scala.collection.Seq[java.io.File]]("twirlCompileTemplates") in Scope(Build: file:/D:/Documents/Studium/Webtech/Webtechnologie_WS2016/, , Project: ProjectReference(file:/D:/Documents/Studium/Webtech/Webtechnologie_WS2016/,root), Config: compile)),true,None) to dead client play-fork-run-7f484d02-decd-4289-9fc9-7415684b3950
Dropping message TaskStarted(87,9314,None) to dead client play-fork-run-7f484d02-decd-4289-9fc9-7415684b3950
Dropping message TaskFinished(87,9341,None,true,None) to dead client play-fork-run-7f484d02-decd-4289-9fc9-7415684b3950
Dropping message TaskFinished(87,9308,None,true,None) to dead client play-fork-run-7f484d02-decd-4289-9fc9-7415684b3950
Dropping message TaskFinished(87,9255,Some(AttributeKey[scala.collection.Seq[sbt.Resolver]]("fullResolvers") in Scope(Build: file:/D:/Documents/Studium/Webtech/Webtechnologie_WS2016/, , Project: ProjectReference(file:/D:/Documents/Studium/Webtech/Webtechnologie_WS2016/,root))),true,None) to dead client play-fork-run-7f484d02-decd-4289-9fc9-7415684b3950
Dropping message TaskStarted(87,9254,Some(AttributeKey[sbt.IvyConfiguration]("ivyConfiguration") in Scope(Build: file:/D:/Documents/Studium/Webtech/Webtechnologie_WS2016/, , Project: ProjectReference(file:/D:/Documents/Studium/Webtech/Webtechnologie_WS2016/,root)))) to dead client play-fork-run-7f484d02-decd-4289-9fc9-7415684b3950
Dropping message TaskFinished(87,9314,None,true,None) to dead client play-fork-run-7f484d02-decd-4289-9fc9-7415684b3950
Dropping message TaskStarted(87,9313,Some(AttributeKey[scala.collection.Seq[java.io.File]]("managedSources") in Scope(Build: file:/D:/Documents/Studium/Webtech/Webtechnologie_WS2016/, , Project: ProjectReference(file:/D:/Documents/Studium/Webtech/Webtechnologie_WS2016/,root), Config: compile))) to dead client play-fork-run-7f484d02-decd-4289-9fc9-7415684b3950
Dropping message TaskFinished(87,9349,Some(AttributeKey[scala.collection.Seq[sbt.Attributed[java.io.File]]]("unmanagedJars") in Scope(Build: file:/D:/Documents/Studium/Webtech/Webtechnologie_WS2016/, , Project: ProjectReference(file:/D:/Documents/Studium/Webtech/Webtechnologie_WS2016/,root), Config: compile)),true,None) to dead client play-fork-run-7f484d02-decd-4289-9fc9-7415684b3950
Dropping message TaskFinished(87,9353,None,true,None) to dead client play-fork-run-7f484d02-decd-4289-9fc9-7415684b3950
Dropping message TaskStarted(87,9352,None) to dead client play-fork-run-7f484d02-decd-4289-9fc9-7415684b3950
Dropping message TaskFinished(87,9313,Some(AttributeKey[scala.collection.Seq[java.io.File]]("managedSources") in Scope(Build: file:/D:/Documents/Studium/Webtech/Webtechnologie_WS2016/, , Project: ProjectReference(file:/D:/Documents/Studium/Webtech/Webtechnologie_WS2016/,root), Config: compile)),true,None) to dead client play-fork-run-7f484d02-decd-4289-9fc9-7415684b3950
Dropping message TaskStarted(87,9312,Some(AttributeKey[scala.collection.Seq[java.io.File]]("sources") in Scope(Build: file:/D:/Documents/Studium/Webtech/Webtechnologie_WS2016/, , Project: ProjectReference(file:/D:/Documents/Studium/Webtech/Webtechnologie_WS2016/,root), Config: compile))) to dead client play-fork-run-7f484d02-decd-4289-9fc9-7415684b3950
Dropping message TaskFinished(87,9254,Some(AttributeKey[sbt.IvyConfiguration]("ivyConfiguration") in Scope(Build: file:/D:/Documents/Studium/Webtech/Webtechnologie_WS2016/, , Project: ProjectReference(file:/D:/Documents/Studium/Webtech/Webtechnologie_WS2016/,root))),true,None) to dead client play-fork-run-7f484d02-decd-4289-9fc9-7415684b3950
Dropping message TaskStarted(87,9252,Some(AttributeKey[sbt.IvySbt]("ivySbt") in Scope(Build: file:/D:/Documents/Studium/Webtech/Webtechnologie_WS2016/, , Project: ProjectReference(file:/D:/Documents/Studium/Webtech/Webtechnologie_WS2016/,root)))) to dead client play-fork-run-7f484d02-decd-4289-9fc9-7415684b3950
Dropping message TaskStarted(87,9355,None) to dead client play-fork-run-7f484d02-decd-4289-9fc9-7415684b3950
Dropping message TaskFinished(87,9312,Some(AttributeKey[scala.collection.Seq[java.io.File]]("sources") in Scope(Build: file:/D:/Documents/Studium/Webtech/Webtechnologie_WS2016/, , Project: ProjectReference(file:/D:/Documents/Studium/Webtech/Webtechnologie_WS2016/,root), Config: compile)),true,None) to dead client play-fork-run-7f484d02-decd-4289-9fc9-7415684b3950
Dropping message TaskFinished(87,9355,None,true,None) to dead client play-fork-run-7f484d02-decd-4289-9fc9-7415684b3950
Dropping message TaskFinished(87,9352,None,true,None) to dead client play-fork-run-7f484d02-decd-4289-9fc9-7415684b3950
Dropping message TaskStarted(87,9348,Some(AttributeKey[scala.collection.Seq[sbt.Attributed[java.io.File]]]("unmanagedJars") in Scope(Build: file:/D:/Documents/Studium/Webtech/Webtechnologie_WS2016/, , Project: ProjectReference(file:/D:/Documents/Studium/Webtech/Webtechnologie_WS2016/,root), Config: compile))) to dead client play-fork-run-7f484d02-decd-4289-9fc9-7415684b3950
Dropping message TaskFinished(87,9252,Some(AttributeKey[sbt.IvySbt]("ivySbt") in Scope(Build: file:/D:/Documents/Studium/Webtech/Webtechnologie_WS2016/, , Project: ProjectReference(file:/D:/Documents/Studium/Webtech/Webtechnologie_WS2016/,root))),true,None) to dead client play-fork-run-7f484d02-decd-4289-9fc9-7415684b3950
Dropping message TaskStarted(87,9245,Some(AttributeKey[sbt.IvySbt$Module]("ivyModule") in Scope(Build: file:/D:/Documents/Studium/Webtech/Webtechnologie_WS2016/, , Project: ProjectReference(file:/D:/Documents/Studium/Webtech/Webtechnologie_WS2016/,root)))) to dead client play-fork-run-7f484d02-decd-4289-9fc9-7415684b3950
Dropping message TaskFinished(87,9348,Some(AttributeKey[scala.collection.Seq[sbt.Attributed[java.io.File]]]("unmanagedJars") in Scope(Build: file:/D:/Documents/Studium/Webtech/Webtechnologie_WS2016/, , Project: ProjectReference(file:/D:/Documents/Studium/Webtech/Webtechnologie_WS2016/,root), Config: compile)),true,None) to dead client play-fork-run-7f484d02-decd-4289-9fc9-7415684b3950
Dropping message TaskStarted(87,9347,None) to dead client play-fork-run-7f484d02-decd-4289-9fc9-7415684b3950
Dropping message TaskFinished(87,9245,Some(AttributeKey[sbt.IvySbt$Module]("ivyModule") in Scope(Build: file:/D:/Documents/Studium/Webtech/Webtechnologie_WS2016/, , Project: ProjectReference(file:/D:/Documents/Studium/Webtech/Webtechnologie_WS2016/,root))),true,None) to dead client play-fork-run-7f484d02-decd-4289-9fc9-7415684b3950
Dropping message TaskStarted(87,9244,Some(AttributeKey[sbt.UpdateReport]("update") in Scope(Build: file:/D:/Documents/Studium/Webtech/Webtechnologie_WS2016/, , Project: ProjectReference(file:/D:/Documents/Studium/Webtech/Webtechnologie_WS2016/,root)))) to dead client play-fork-run-7f484d02-decd-4289-9fc9-7415684b3950
Dropping message TaskFinished(87,9347,None,true,None) to dead client play-fork-run-7f484d02-decd-4289-9fc9-7415684b3950
Dropping message TaskStarted(87,9346,None) to dead client play-fork-run-7f484d02-decd-4289-9fc9-7415684b3950
Dropping message TaskFinished(87,9346,None,true,None) to dead client play-fork-run-7f484d02-decd-4289-9fc9-7415684b3950
Dropping message TaskFinished(87,9280,None,true,None) to dead client play-fork-run-7f484d02-decd-4289-9fc9-7415684b3950
Dropping message TaskStarted(87,9278,Some(AttributeKey[scala.collection.Seq[sbt.Attributed[java.io.File]]]("unmanagedClasspath") in Scope(Build: file:/D:/Documents/Studium/Webtech/Webtechnologie_WS2016/, , Project: ProjectReference(file:/D:/Documents/Studium/Webtech/Webtechnologie_WS2016/,root), Config: compile))) to dead client play-fork-run-7f484d02-decd-4289-9fc9-7415684b3950
Dropping message TaskFinished(87,9278,Some(AttributeKey[scala.collection.Seq[sbt.Attributed[java.io.File]]]("unmanagedClasspath") in Scope(Build: file:/D:/Documents/Studium/Webtech/Webtechnologie_WS2016/, , Project: ProjectReference(file:/D:/Documents/Studium/Webtech/Webtechnologie_WS2016/,root), Config: compile)),true,None) to dead client play-fork-run-7f484d02-decd-4289-9fc9-7415684b3950
Dropping message TaskFinished(87,9244,Some(AttributeKey[sbt.UpdateReport]("update") in Scope(Build: file:/D:/Documents/Studium/Webtech/Webtechnologie_WS2016/, , Project: ProjectReference(file:/D:/Documents/Studium/Webtech/Webtechnologie_WS2016/,root))),true,None) to dead client play-fork-run-7f484d02-decd-4289-9fc9-7415684b3950
Dropping message TaskStarted(87,9242,Some(AttributeKey[sbt.UpdateReport]("update") in Scope(Build: file:/D:/Documents/Studium/Webtech/Webtechnologie_WS2016/, , Project: ProjectReference(file:/D:/Documents/Studium/Webtech/Webtechnologie_WS2016/,root)))) to dead client play-fork-run-7f484d02-decd-4289-9fc9-7415684b3950
Dropping message TaskFinished(87,9242,Some(AttributeKey[sbt.UpdateReport]("update") in Scope(Build: file:/D:/Documents/Studium/Webtech/Webtechnologie_WS2016/, , Project: ProjectReference(file:/D:/Documents/Studium/Webtech/Webtechnologie_WS2016/,root))),true,None) to dead client play-fork-run-7f484d02-decd-4289-9fc9-7415684b3950
Dropping message TaskStarted(87,9275,Some(AttributeKey[sbt.Configuration]("classpathConfiguration") in Scope(Build: file:/D:/Documents/Studium/Webtech/Webtechnologie_WS2016/, , Project: ProjectReference(file:/D:/Documents/Studium/Webtech/Webtechnologie_WS2016/,root), Config: compile))) to dead client play-fork-run-7f484d02-decd-4289-9fc9-7415684b3950
Dropping message TaskStarted(87,9307,Some(AttributeKey[scala.collection.Seq[java.lang.String]]("scalacOptions") in Scope(Build: file:/D:/Documents/Studium/Webtech/Webtechnologie_WS2016/, , Project: ProjectReference(file:/D:/Documents/Studium/Webtech/Webtechnologie_WS2016/,root), Config: compile))) to dead client play-fork-run-7f484d02-decd-4289-9fc9-7415684b3950
Dropping message TaskStarted(87,9354,None) to dead client play-fork-run-7f484d02-decd-4289-9fc9-7415684b3950
Dropping message TaskFinished(87,9275,Some(AttributeKey[sbt.Configuration]("classpathConfiguration") in Scope(Build: file:/D:/Documents/Studium/Webtech/Webtechnologie_WS2016/, , Project: ProjectReference(file:/D:/Documents/Studium/Webtech/Webtechnologie_WS2016/,root), Config: compile)),true,None) to dead client play-fork-run-7f484d02-decd-4289-9fc9-7415684b3950
Dropping message TaskStarted(87,9241,None) to dead client play-fork-run-7f484d02-decd-4289-9fc9-7415684b3950
Dropping message TaskStarted(87,9283,None) to dead client play-fork-run-7f484d02-decd-4289-9fc9-7415684b3950
Dropping message TaskFinished(87,9354,None,true,None) to dead client play-fork-run-7f484d02-decd-4289-9fc9-7415684b3950
Dropping message TaskFinished(87,9304,Some(AttributeKey[sbt.ScalaInstance]("scalaInstance") in Scope(Build: file:/D:/Documents/Studium/Webtech/Webtechnologie_WS2016/, , Project: ProjectReference(file:/D:/Documents/Studium/Webtech/Webtechnologie_WS2016/,root))),true,None) to dead client play-fork-run-7f484d02-decd-4289-9fc9-7415684b3950
Dropping message TaskStarted(87,9302,Some(AttributeKey[sbt.Compiler$Compilers]("compilers") in Scope(Global))) to dead client play-fork-run-7f484d02-decd-4289-9fc9-7415684b3950
Dropping message TaskStarted(87,9358,None) to dead client play-fork-run-7f484d02-decd-4289-9fc9-7415684b3950
Dropping message TaskStarted(87,9359,None) to dead client play-fork-run-7f484d02-decd-4289-9fc9-7415684b3950
Dropping message TaskFinished(87,9307,Some(AttributeKey[scala.collection.Seq[java.lang.String]]("scalacOptions") in Scope(Build: file:/D:/Documents/Studium/Webtech/Webtechnologie_WS2016/, , Project: ProjectReference(file:/D:/Documents/Studium/Webtech/Webtechnologie_WS2016/,root), Config: compile)),true,None) to dead client play-fork-run-7f484d02-decd-4289-9fc9-7415684b3950
Dropping message TaskFinished(87,9358,None,true,None) to dead client play-fork-run-7f484d02-decd-4289-9fc9-7415684b3950
Dropping message TaskFinished(87,9241,None,true,None) to dead client play-fork-run-7f484d02-decd-4289-9fc9-7415684b3950
Dropping message TaskStarted(87,9240,Some(AttributeKey[scala.collection.Seq[sbt.Attributed[java.io.File]]]("managedClasspath") in Scope(Build: file:/D:/Documents/Studium/Webtech/Webtechnologie_WS2016/, , Project: ProjectReference(file:/D:/Documents/Studium/Webtech/Webtechnologie_WS2016/,root), Config: compile))) to dead client play-fork-run-7f484d02-decd-4289-9fc9-7415684b3950
Dropping message TaskFinished(87,9359,None,true,None) to dead client play-fork-run-7f484d02-decd-4289-9fc9-7415684b3950
Dropping message TaskStarted(87,9357,None) to dead client play-fork-run-7f484d02-decd-4289-9fc9-7415684b3950
Dropping message TaskFinished(87,9302,Some(AttributeKey[sbt.Compiler$Compilers]("compilers") in Scope(Global)),true,None) to dead client play-fork-run-7f484d02-decd-4289-9fc9-7415684b3950
Dropping message TaskFinished(87,9357,None,true,None) to dead client play-fork-run-7f484d02-decd-4289-9fc9-7415684b3950
Dropping message TaskStarted(87,9356,None) to dead client play-fork-run-7f484d02-decd-4289-9fc9-7415684b3950
Dropping message TaskFinished(87,9356,None,true,None) to dead client play-fork-run-7f484d02-decd-4289-9fc9-7415684b3950
Dropping message TaskFinished(87,9283,None,true,None) to dead client play-fork-run-7f484d02-decd-4289-9fc9-7415684b3950
Dropping message TaskStarted(87,9281,Some(AttributeKey[scala.collection.Seq[sbt.Attributed[java.io.File]]]("internalDependencyClasspath") in Scope(Build: file:/D:/Documents/Studium/Webtech/Webtechnologie_WS2016/, , Project: ProjectReference(file:/D:/Documents/Studium/Webtech/Webtechnologie_WS2016/,root), Config: compile))) to dead client play-fork-run-7f484d02-decd-4289-9fc9-7415684b3950
Dropping message TaskFinished(87,9281,Some(AttributeKey[scala.collection.Seq[sbt.Attributed[java.io.File]]]("internalDependencyClasspath") in Scope(Build: file:/D:/Documents/Studium/Webtech/Webtechnologie_WS2016/, , Project: ProjectReference(file:/D:/Documents/Studium/Webtech/Webtechnologie_WS2016/,root), Config: compile)),true,None) to dead client play-fork-run-7f484d02-decd-4289-9fc9-7415684b3950
Dropping message TaskFinished(87,9240,Some(AttributeKey[scala.collection.Seq[sbt.Attributed[java.io.File]]]("managedClasspath") in Scope(Build: file:/D:/Documents/Studium/Webtech/Webtechnologie_WS2016/, , Project: ProjectReference(file:/D:/Documents/Studium/Webtech/Webtechnologie_WS2016/,root), Config: compile)),true,None) to dead client play-fork-run-7f484d02-decd-4289-9fc9-7415684b3950
Dropping message TaskStarted(87,9239,None) to dead client play-fork-run-7f484d02-decd-4289-9fc9-7415684b3950
Dropping message TaskFinished(87,9239,None,true,None) to dead client play-fork-run-7f484d02-decd-4289-9fc9-7415684b3950
Dropping message TaskStarted(87,9236,Some(AttributeKey[scala.collection.Seq[sbt.Attributed[java.io.File]]]("externalDependencyClasspath") in Scope(Build: file:/D:/Documents/Studium/Webtech/Webtechnologie_WS2016/, , Project: ProjectReference(file:/D:/Documents/Studium/Webtech/Webtechnologie_WS2016/,root), Config: compile))) to dead client play-fork-run-7f484d02-decd-4289-9fc9-7415684b3950
Dropping message TaskFinished(87,9236,Some(AttributeKey[scala.collection.Seq[sbt.Attributed[java.io.File]]]("externalDependencyClasspath") in Scope(Build: file:/D:/Documents/Studium/Webtech/Webtechnologie_WS2016/, , Project: ProjectReference(file:/D:/Documents/Studium/Webtech/Webtechnologie_WS2016/,root), Config: compile)),true,None) to dead client play-fork-run-7f484d02-decd-4289-9fc9-7415684b3950
Dropping message TaskStarted(87,9235,None) to dead client play-fork-run-7f484d02-decd-4289-9fc9-7415684b3950
Dropping message TaskFinished(87,9235,None,true,None) to dead client play-fork-run-7f484d02-decd-4289-9fc9-7415684b3950
Dropping message TaskStarted(87,9234,Some(AttributeKey[scala.collection.Seq[sbt.Attributed[java.io.File]]]("dependencyClasspath") in Scope(Build: file:/D:/Documents/Studium/Webtech/Webtechnologie_WS2016/, , Project: ProjectReference(file:/D:/Documents/Studium/Webtech/Webtechnologie_WS2016/,root), Config: compile))) to dead client play-fork-run-7f484d02-decd-4289-9fc9-7415684b3950
Dropping message TaskFinished(87,9234,Some(AttributeKey[scala.collection.Seq[sbt.Attributed[java.io.File]]]("dependencyClasspath") in Scope(Build: file:/D:/Documents/Studium/Webtech/Webtechnologie_WS2016/, , Project: ProjectReference(file:/D:/Documents/Studium/Webtech/Webtechnologie_WS2016/,root), Config: compile)),true,None) to dead client play-fork-run-7f484d02-decd-4289-9fc9-7415684b3950
Dropping message TaskStarted(87,9233,Some(AttributeKey[sbt.Compiler$IncSetup]("incCompileSetup") in Scope(Build: file:/D:/Documents/Studium/Webtech/Webtechnologie_WS2016/, , Project: ProjectReference(file:/D:/Documents/Studium/Webtech/Webtechnologie_WS2016/,root), Config: compile))) to dead client play-fork-run-7f484d02-decd-4289-9fc9-7415684b3950
Dropping message TaskStarted(87,9292,Some(AttributeKey[scala.Function1[sbt.compiler.IC$Result,sbt.compiler.IC$Result]]("playEnhancerGenerateAccessors") in Scope(Build: file:/D:/Documents/Studium/Webtech/Webtechnologie_WS2016/, , Project: ProjectReference(file:/D:/Documents/Studium/Webtech/Webtechnologie_WS2016/,root), Config: compile))) to dead client play-fork-run-7f484d02-decd-4289-9fc9-7415684b3950
Dropping message TaskStarted(87,9337,Some(AttributeKey[scala.Function1[sbt.compiler.IC$Result,sbt.compiler.IC$Result]]("playEnhancerRewriteAccessors") in Scope(Build: file:/D:/Documents/Studium/Webtech/Webtechnologie_WS2016/, , Project: ProjectReference(file:/D:/Documents/Studium/Webtech/Webtechnologie_WS2016/,root), Config: compile))) to dead client play-fork-run-7f484d02-decd-4289-9fc9-7415684b3950
Dropping message TaskFinished(87,9233,Some(AttributeKey[sbt.Compiler$IncSetup]("incCompileSetup") in Scope(Build: file:/D:/Documents/Studium/Webtech/Webtechnologie_WS2016/, , Project: ProjectReference(file:/D:/Documents/Studium/Webtech/Webtechnologie_WS2016/,root), Config: compile)),true,None) to dead client play-fork-run-7f484d02-decd-4289-9fc9-7415684b3950
Dropping message TaskStarted(87,9299,Some(AttributeKey[sbt.Compiler$PreviousAnalysis]("readAnalysis") in Scope(Build: file:/D:/Documents/Studium/Webtech/Webtechnologie_WS2016/, , Project: ProjectReference(file:/D:/Documents/Studium/Webtech/Webtechnologie_WS2016/,root), Config: compile))) to dead client play-fork-run-7f484d02-decd-4289-9fc9-7415684b3950
Dropping message TaskStarted(87,9301,Some(AttributeKey[sbt.Compiler$Inputs]("compileInputs") in Scope(Build: file:/D:/Documents/Studium/Webtech/Webtechnologie_WS2016/, , Project: ProjectReference(file:/D:/Documents/Studium/Webtech/Webtechnologie_WS2016/,root), Config: compile, Task: AttributeKey[sbt.inc.Analysis]("compile")))) to dead client play-fork-run-7f484d02-decd-4289-9fc9-7415684b3950
Dropping message TaskFinished(87,9292,Some(AttributeKey[scala.Function1[sbt.compiler.IC$Result,sbt.compiler.IC$Result]]("playEnhancerGenerateAccessors") in Scope(Build: file:/D:/Documents/Studium/Webtech/Webtechnologie_WS2016/, , Project: ProjectReference(file:/D:/Documents/Studium/Webtech/Webtechnologie_WS2016/,root), Config: compile)),true,None) to dead client play-fork-run-7f484d02-decd-4289-9fc9-7415684b3950
Dropping message TaskFinished(87,9337,Some(AttributeKey[scala.Function1[sbt.compiler.IC$Result,sbt.compiler.IC$Result]]("playEnhancerRewriteAccessors") in Scope(Build: file:/D:/Documents/Studium/Webtech/Webtechnologie_WS2016/, , Project: ProjectReference(file:/D:/Documents/Studium/Webtech/Webtechnologie_WS2016/,root), Config: compile)),true,None) to dead client play-fork-run-7f484d02-decd-4289-9fc9-7415684b3950
Dropping message TaskFinished(87,9299,Some(AttributeKey[sbt.Compiler$PreviousAnalysis]("readAnalysis") in Scope(Build: file:/D:/Documents/Studium/Webtech/Webtechnologie_WS2016/, , Project: ProjectReference(file:/D:/Documents/Studium/Webtech/Webtechnologie_WS2016/,root), Config: compile)),true,None) to dead client play-fork-run-7f484d02-decd-4289-9fc9-7415684b3950
Dropping message TaskFinished(87,9301,Some(AttributeKey[sbt.Compiler$Inputs]("compileInputs") in Scope(Build: file:/D:/Documents/Studium/Webtech/Webtechnologie_WS2016/, , Project: ProjectReference(file:/D:/Documents/Studium/Webtech/Webtechnologie_WS2016/,root), Config: compile, Task: AttributeKey[sbt.inc.Analysis]("compile"))),true,None) to dead client play-fork-run-7f484d02-decd-4289-9fc9-7415684b3950
Dropping message TaskStarted(87,9334,Some(AttributeKey[scala.Option[xsbti.Reporter]]("compilerReporter") in Scope(Build: file:/D:/Documents/Studium/Webtech/Webtechnologie_WS2016/, , Project: ProjectReference(file:/D:/Documents/Studium/Webtech/Webtechnologie_WS2016/,root), Config: compile, Task: AttributeKey[sbt.inc.Analysis]("compile")))) to dead client play-fork-run-7f484d02-decd-4289-9fc9-7415684b3950
Dropping message TaskFinished(87,9334,Some(AttributeKey[scala.Option[xsbti.Reporter]]("compilerReporter") in Scope(Build: file:/D:/Documents/Studium/Webtech/Webtechnologie_WS2016/, , Project: ProjectReference(file:/D:/Documents/Studium/Webtech/Webtechnologie_WS2016/,root), Config: compile, Task: AttributeKey[sbt.inc.Analysis]("compile"))),true,None) to dead client play-fork-run-7f484d02-decd-4289-9fc9-7415684b3950
Dropping message TaskStarted(87,9298,Some(AttributeKey[sbt.compiler.IC$Result]("compileIncremental") in Scope(Build: file:/D:/Documents/Studium/Webtech/Webtechnologie_WS2016/, , Project: ProjectReference(file:/D:/Documents/Studium/Webtech/Webtechnologie_WS2016/,root), Config: compile))) to dead client play-fork-run-7f484d02-decd-4289-9fc9-7415684b3950
Dropping message TaskLogEvent(9298,LogMessage(debug,
Initial source changes: 
	removed:Set()
	added: Set()
	modified: Set(D:\Documents\Studium\Webtech\Webtechnologie_WS2016\app\pokeklon\view\gui\helper\MonsterChooserPanel.java)
Removed products: Set()
External API changes: API Changes: Set()
Modified binary dependencies: Set()
Initial directly invalidated sources: Set(D:\Documents\Studium\Webtech\Webtechnologie_WS2016\app\pokeklon\view\gui\helper\MonsterChooserPanel.java)

Sources indirectly invalidated by:
	product: Set()
	binary dep: Set()
	external source: Set())) to dead client play-fork-run-7f484d02-decd-4289-9fc9-7415684b3950
Dropping message TaskLogEvent(9298,LogMessage(debug,All initially invalidated sources: Set(D:\Documents\Studium\Webtech\Webtechnologie_WS2016\app\pokeklon\view\gui\helper\MonsterChooserPanel.java)
)) to dead client play-fork-run-7f484d02-decd-4289-9fc9-7415684b3950
Dropping message TaskLogEvent(9298,LogMessage(info,Read from stdout: Compiling 1 Java source to D:\Documents\Studium\Webtech\Webtechnologie_WS2016\target\scala-2.11\classes...)) to dead client play-fork-run-7f484d02-decd-4289-9fc9-7415684b3950
Dropping message TaskLogEvent(9298,LogMessage(info,Compiling 1 Java source to D:\Documents\Studium\Webtech\Webtechnologie_WS2016\target\scala-2.11\classes...)) to dead client play-fork-run-7f484d02-decd-4289-9fc9-7415684b3950
Dropping message TaskLogEvent(9298,LogMessage(debug,Attempting to call com.sun.tools.javac.api.JavacTool@771f6074 directly...)) to dead client play-fork-run-7f484d02-decd-4289-9fc9-7415684b3950
Dropping message TaskLogEvent(9298,LogMessage(debug,Java compilation took 0.129898352 s)) to dead client play-fork-run-7f484d02-decd-4289-9fc9-7415684b3950
Dropping message TaskLogEvent(9298,LogMessage(debug,Java analysis took 0.022031037 s)) to dead client play-fork-run-7f484d02-decd-4289-9fc9-7415684b3950
Dropping message TaskLogEvent(9298,LogMessage(debug,Java compile + analysis took 0.163893601 s)) to dead client play-fork-run-7f484d02-decd-4289-9fc9-7415684b3950
Dropping message TaskLogEvent(9298,LogMessage(debug,New invalidations:
	Set())) to dead client play-fork-run-7f484d02-decd-4289-9fc9-7415684b3950
Dropping message TaskLogEvent(9298,LogMessage(debug,Initial set of included nodes: Set())) to dead client play-fork-run-7f484d02-decd-4289-9fc9-7415684b3950
Dropping message TaskLogEvent(9298,LogMessage(debug,Previously invalidated, but (transitively) depend on new invalidations:
	Set())) to dead client play-fork-run-7f484d02-decd-4289-9fc9-7415684b3950
Dropping message TaskLogEvent(9298,LogMessage(debug,All newly invalidated sources after taking into account (previously) recompiled sources:Set())) to dead client play-fork-run-7f484d02-decd-4289-9fc9-7415684b3950
Dropping message TaskFinished(87,9298,Some(AttributeKey[sbt.compiler.IC$Result]("compileIncremental") in Scope(Build: file:/D:/Documents/Studium/Webtech/Webtechnologie_WS2016/, , Project: ProjectReference(file:/D:/Documents/Studium/Webtech/Webtechnologie_WS2016/,root), Config: compile)),true,None) to dead client play-fork-run-7f484d02-decd-4289-9fc9-7415684b3950
Dropping message TaskStarted(87,9297,Some(AttributeKey[sbt.compiler.IC$Result]("manipulateBytecode") in Scope(Build: file:/D:/Documents/Studium/Webtech/Webtechnologie_WS2016/, , Project: ProjectReference(file:/D:/Documents/Studium/Webtech/Webtechnologie_WS2016/,root), Config: compile))) to dead client play-fork-run-7f484d02-decd-4289-9fc9-7415684b3950
Dropping message TaskFinished(87,9297,Some(AttributeKey[sbt.compiler.IC$Result]("manipulateBytecode") in Scope(Build: file:/D:/Documents/Studium/Webtech/Webtechnologie_WS2016/, , Project: ProjectReference(file:/D:/Documents/Studium/Webtech/Webtechnologie_WS2016/,root), Config: compile)),true,None) to dead client play-fork-run-7f484d02-decd-4289-9fc9-7415684b3950
Dropping message TaskStarted(87,9291,Some(AttributeKey[sbt.compiler.IC$Result]("manipulateBytecode") in Scope(Build: file:/D:/Documents/Studium/Webtech/Webtechnologie_WS2016/, , Project: ProjectReference(file:/D:/Documents/Studium/Webtech/Webtechnologie_WS2016/,root), Config: compile))) to dead client play-fork-run-7f484d02-decd-4289-9fc9-7415684b3950
Dropping message TaskFinished(87,9291,Some(AttributeKey[sbt.compiler.IC$Result]("manipulateBytecode") in Scope(Build: file:/D:/Documents/Studium/Webtech/Webtechnologie_WS2016/, , Project: ProjectReference(file:/D:/Documents/Studium/Webtech/Webtechnologie_WS2016/,root), Config: compile)),true,None) to dead client play-fork-run-7f484d02-decd-4289-9fc9-7415684b3950
Dropping message TaskStarted(87,9232,Some(AttributeKey[sbt.inc.Analysis]("compile") in Scope(Build: file:/D:/Documents/Studium/Webtech/Webtechnologie_WS2016/, , Project: ProjectReference(file:/D:/Documents/Studium/Webtech/Webtechnologie_WS2016/,root), Config: compile))) to dead client play-fork-run-7f484d02-decd-4289-9fc9-7415684b3950
Dropping message TaskFinished(87,9232,Some(AttributeKey[sbt.inc.Analysis]("compile") in Scope(Build: file:/D:/Documents/Studium/Webtech/Webtechnologie_WS2016/, , Project: ProjectReference(file:/D:/Documents/Studium/Webtech/Webtechnologie_WS2016/,root), Config: compile)),true,None) to dead client play-fork-run-7f484d02-decd-4289-9fc9-7415684b3950
Dropping message TaskStarted(87,9231,None) to dead client play-fork-run-7f484d02-decd-4289-9fc9-7415684b3950
Dropping message TaskFinished(87,9231,None,true,None) to dead client play-fork-run-7f484d02-decd-4289-9fc9-7415684b3950
Dropping message TaskStarted(87,9230,Some(AttributeKey[sbt.inc.Analysis]("compile") in Scope(Build: file:/D:/Documents/Studium/Webtech/Webtechnologie_WS2016/, , Project: ProjectReference(file:/D:/Documents/Studium/Webtech/Webtechnologie_WS2016/,root), Config: compile))) to dead client play-fork-run-7f484d02-decd-4289-9fc9-7415684b3950
Dropping message TaskFinished(87,9230,Some(AttributeKey[sbt.inc.Analysis]("compile") in Scope(Build: file:/D:/Documents/Studium/Webtech/Webtechnologie_WS2016/, , Project: ProjectReference(file:/D:/Documents/Studium/Webtech/Webtechnologie_WS2016/,root), Config: compile)),true,None) to dead client play-fork-run-7f484d02-decd-4289-9fc9-7415684b3950
Dropping message TaskStarted(87,9229,None) to dead client play-fork-run-7f484d02-decd-4289-9fc9-7415684b3950
Dropping message TaskStarted(87,9360,Some(AttributeKey[scala.collection.Seq[java.lang.String]]("discoveredMainClasses") in Scope(Build: file:/D:/Documents/Studium/Webtech/Webtechnologie_WS2016/, , Project: ProjectReference(file:/D:/Documents/Studium/Webtech/Webtechnologie_WS2016/,root), Config: compile))) to dead client play-fork-run-7f484d02-decd-4289-9fc9-7415684b3950
Dropping message TaskFinished(87,9229,None,true,None) to dead client play-fork-run-7f484d02-decd-4289-9fc9-7415684b3950
Dropping message TaskStarted(87,9228,None) to dead client play-fork-run-7f484d02-decd-4289-9fc9-7415684b3950
Dropping message TaskFinished(87,9228,None,true,None) to dead client play-fork-run-7f484d02-decd-4289-9fc9-7415684b3950
Dropping message TaskFinished(87,9360,Some(AttributeKey[scala.collection.Seq[java.lang.String]]("discoveredMainClasses") in Scope(Build: file:/D:/Documents/Studium/Webtech/Webtechnologie_WS2016/, , Project: ProjectReference(file:/D:/Documents/Studium/Webtech/Webtechnologie_WS2016/,root), Config: compile)),true,None) to dead client play-fork-run-7f484d02-decd-4289-9fc9-7415684b3950
Dropping message DetachedLogEvent(LogMessage(debug,cancel strategy finish enabled=false lastCommand=Some(LastCommand(CommandExecutionWork(ExecutionId(87),compile,Set(LiveClient(activator 077ecdfc-a144-4dad-b466-1bc5019c42dd)),sbt.server.WorkCancellationStatus$$anon$1@2e0a5ac0))))) to dead client play-fork-run-7f484d02-decd-4289-9fc9-7415684b3950
Dropping message DetachedLogEvent(LogSuccess(Total time: 1 s, completed 07.12.2016 11:24:55)) to dead client play-fork-run-7f484d02-decd-4289-9fc9-7415684b3950
Dropping message DetachedLogEvent(LogMessage(debug,> server-post-command-cleanup)) to dead client play-fork-run-7f484d02-decd-4289-9fc9-7415684b3950
Dropping message ExecutionSuccess(87) to dead client play-fork-run-7f484d02-decd-4289-9fc9-7415684b3950
Dropping message DetachedLogEvent(LogMessage(debug,> server-handle-next-server-request)) to dead client play-fork-run-7f484d02-decd-4289-9fc9-7415684b3950
